Mplus VERSION 8.5
MUTHEN & MUTHEN
11/29/2024   3:23 PM

INPUT INSTRUCTIONS

  TITLE: multilevel item generation (MCFA)

  MONTECARLO:
      NAMES = a1-a5 b1-b5 c1-c3 w1-w5;
      BETWEEN = w1-w5;
      nobservations = 1000;
      ncsizes = 1;
      csizes = 100 (10);
      nreps = 1;
      SEED = 42;
  	REPSAVE = ALL; SAVE = example2rep*.dat;

  ANALYSIS:
      TYPE = TWOLEVEL RANDOM;
      ESTIMATOR = BAYES; !FBITER = 800;

  MODEL POPULATION:
      %WITHIN%
      ! factor definitions
      aw BY a1*0.6 a2-a5*0.6;
      bw BY b1*0.6 b2-b5*0.6;
      cw BY c1*0.6 c2-c3*0.6;
      ! factor variances
      aw@1; bw@1; cw@1;

      ! (residual) item variances
      a1-a5*.65; b1-b5*.65; c1-c3*.65;

      ! covariances of factors at within level
      aw WITH bw*.25;
      aw WITH cw*.3;
      bw WITH cw*.4;

      %BETWEEN%
      ! factor definitions
      ab BY a1*0.6 a2-a5*0.7;
      bb BY b1*0.6 b2-b5*0.7;
      cb BY c1*0.6 c2-c3*0.7;
      w BY w1-w5*0.7;
      ! factor variances
      ab@1; bb@1; cb@1; w@1;

      ! (residual) item variances
      a1-a5*.35; b1-b5*.40; c1-c3*.35;
      w1-w5*.45;

      ! covariances of factors at between level
      ab WITH bb*.35;
      ab WITH cb*.35;
      bb WITH cb*.4;
      ab WITH w*.2; bb WITH w*.15; cb WITH w*.35;

  MODEL:
      %WITHIN%
      ! factor definitions
      aw BY a1*0.6 a2-a5*0.5;
      bw BY b1*0.6 b2-b5*0.5;
      cw BY c1*0.6 c2-c3*0.5;
      ! factor variances
      aw@1; bw@1; cw@1;

      ! (residual) item variances
      a1-a5*.65; b1-b5*.65; c1-c3*.65;

      ! covariances of factors at within level
      aw WITH bw*.25;
      aw WITH cw*.3;
      bw WITH cw*.4;

      %BETWEEN%
      ! factor definitions
      ab BY a1*0.6 a2-a5*0.7;
      bb BY b1*0.6 b2-b5*0.7;
      cb BY c1*0.6 c2-c3*0.7;
      w BY w1-w5*0.7;
      ! factor variances
      ab@1; bb@1; cb@1; w@1;

      ! (residual) item variances
      a1-a5*.35; b1-b5*.40; c1-c3*.35;
      w1-w5*.45;

      ! covariances of factors at between level
      ab WITH bb*.35;
      ab WITH cb*.35;
      bb WITH cb*.4;
      ab WITH w*.2; bb WITH w*.15; cb WITH w*.35;
  output:
  		tech9 stdyx;



*** WARNING in MODEL command
  TYPE=RANDOM is used to declare random effect variables in the model.
  No random effect variables were found.  TYPE=RANDOM will be ignored.
*** WARNING in OUTPUT command
  STANDARDIZED option is not available for MONTECARLO.
  Request for STANDARDIZED is ignored.
   2 WARNING(S) FOUND IN THE INPUT INSTRUCTIONS



multilevel item generation (MCFA)

SUMMARY OF ANALYSIS

Number of groups                                                 1
Number of observations                                        1000

Number of replications
    Requested                                                    1
    Completed                                                    1
Value of seed                                                   42

Number of dependent variables                                   18
Number of independent variables                                  0
Number of continuous latent variables                            7

Observed dependent variables

  Continuous
   W1          W2          W3          W4          W5          A1
   A2          A3          A4          A5          B1          B2
   B3          B4          B5          C1          C2          C3

Continuous latent variables
   AW          BW          CW          AB          BB          CB
   W

Variables with special functions

  Between variables
   W1          W2          W3          W4          W5


Estimator                                                    BAYES
Specifications for Bayesian Estimation
  Point estimate                                            MEDIAN
  Number of Markov chain Monte Carlo (MCMC) chains               2
  Random seed for the first chain                                0
  Starting value information                           UNPERTURBED
  Algorithm used for Markov chain Monte Carlo           GIBBS(PX1)
  Convergence criterion                                  0.500D-01
  Maximum number of iterations                               50000
  K-th iteration used for thinning                               1


SUMMARY OF DATA FOR THE FIRST REPLICATION

     Cluster information

       Size (s)    Number of clusters of Size s

         10           100





MODEL FIT INFORMATION

Number of Free Parameters                       89

Bayesian Posterior Predictive Checking using Chi-Square

    Posterior Predictive P-Value

        Mean                                 0.781
        Std Dev                              0.000
        Number of successful computations        1

        Cumulative Distribution Function
           Value    Function Value
           0.990       1.000
           0.980       1.000
           0.950       1.000
           0.900       1.000
           0.800       1.000
           0.700       0.000
           0.500       0.000
           0.300       0.000
           0.200       0.000
           0.100       0.000
           0.050       0.000
           0.020       0.000
           0.010       0.000

Information Criteria

    Deviance (DIC)

        Mean                             37314.753
        Std Dev                              0.000
        Number of successful computations        1

             Proportions                   Percentiles
        Expected    Observed         Expected       Observed
           0.990       0.000        37314.753      37314.753
           0.980       0.000        37314.753      37314.753
           0.950       0.000        37314.753      37314.753
           0.900       0.000        37314.753      37314.753
           0.800       0.000        37314.753      37314.753
           0.700       0.000        37314.753      37314.753
           0.500       0.000        37314.753      37314.753
           0.300       0.000        37314.753      37314.753
           0.200       0.000        37314.753      37314.753
           0.100       0.000        37314.753      37314.753
           0.050       0.000        37314.753      37314.753
           0.020       0.000        37314.753      37314.753
           0.010       0.000        37314.753      37314.753

    Estimated Number of Parameters (pD)

        Mean                              1162.179
        Std Dev                              0.000
        Number of successful computations        1

             Proportions                   Percentiles
        Expected    Observed         Expected       Observed
           0.990       0.000         1162.179       1162.179
           0.980       0.000         1162.179       1162.179
           0.950       0.000         1162.179       1162.179
           0.900       0.000         1162.179       1162.179
           0.800       0.000         1162.179       1162.179
           0.700       0.000         1162.179       1162.179
           0.500       0.000         1162.179       1162.179
           0.300       0.000         1162.179       1162.179
           0.200       0.000         1162.179       1162.179
           0.100       0.000         1162.179       1162.179
           0.050       0.000         1162.179       1162.179
           0.020       0.000         1162.179       1162.179
           0.010       0.000         1162.179       1162.179



MODEL RESULTS

                              ESTIMATES              S. E.     M. S. E.  95%  % Sig
                 Population   Average   Std. Dev.   Average             Cover Coeff

Within Level

 AW       BY
  A1                  0.600     0.6593     0.0000     0.0347     0.0035 1.000 1.000
  A2                  0.500     0.5431     0.0000     0.0334     0.0019 1.000 1.000
  A3                  0.500     0.5797     0.0000     0.0349     0.0064 0.000 1.000
  A4                  0.500     0.6130     0.0000     0.0363     0.0128 0.000 1.000
  A5                  0.500     0.6449     0.0000     0.0351     0.0210 0.000 1.000

 BW       BY
  B1                  0.600     0.6067     0.0000     0.0356     0.0000 1.000 1.000
  B2                  0.500     0.5833     0.0000     0.0341     0.0069 0.000 1.000
  B3                  0.500     0.6178     0.0000     0.0380     0.0139 0.000 1.000
  B4                  0.500     0.6676     0.0000     0.0360     0.0281 0.000 1.000
  B5                  0.500     0.6100     0.0000     0.0381     0.0121 0.000 1.000

 CW       BY
  C1                  0.600     0.5918     0.0000     0.0357     0.0001 1.000 1.000
  C2                  0.500     0.6732     0.0000     0.0378     0.0300 0.000 1.000
  C3                  0.500     0.5758     0.0000     0.0367     0.0058 0.000 1.000

 AW       WITH
  BW                  0.250     0.3028     0.0000     0.0402     0.0028 1.000 1.000
  CW                  0.300     0.3573     0.0000     0.0460     0.0033 1.000 1.000

 BW       WITH
  CW                  0.400     0.4251     0.0000     0.0405     0.0006 1.000 1.000

 Variances
  AW                  1.000     1.0000     0.0000     0.0000     0.0000 1.000 0.000
  BW                  1.000     1.0000     0.0000     0.0000     0.0000 1.000 0.000
  CW                  1.000     1.0000     0.0000     0.0000     0.0000 1.000 0.000

 Residual Variances
  A1                  0.650     0.5651     0.0000     0.0349     0.0072 0.000 1.000
  A2                  0.650     0.6839     0.0000     0.0341     0.0011 1.000 1.000
  A3                  0.650     0.7107     0.0000     0.0402     0.0037 1.000 1.000
  A4                  0.650     0.6330     0.0000     0.0381     0.0003 1.000 1.000
  A5                  0.650     0.6636     0.0000     0.0405     0.0002 1.000 1.000
  B1                  0.650     0.6317     0.0000     0.0399     0.0003 1.000 1.000
  B2                  0.650     0.6703     0.0000     0.0364     0.0004 1.000 1.000
  B3                  0.650     0.6989     0.0000     0.0416     0.0024 1.000 1.000
  B4                  0.650     0.6239     0.0000     0.0397     0.0007 1.000 1.000
  B5                  0.650     0.6920     0.0000     0.0417     0.0018 1.000 1.000
  C1                  0.650     0.6557     0.0000     0.0390     0.0000 1.000 1.000
  C2                  0.650     0.6551     0.0000     0.0450     0.0000 1.000 1.000
  C3                  0.650     0.6904     0.0000     0.0423     0.0016 1.000 1.000

Between Level

 AB       BY
  A1                  0.600     0.6040     0.0000     0.0963     0.0000 1.000 1.000
  A2                  0.700     0.8045     0.0000     0.0862     0.0109 1.000 1.000
  A3                  0.700     0.5705     0.0000     0.1055     0.0168 1.000 1.000
  A4                  0.700     0.7483     0.0000     0.0864     0.0023 1.000 1.000
  A5                  0.700     0.5544     0.0000     0.1146     0.0212 1.000 1.000

 BB       BY
  B1                  0.600     0.7266     0.0000     0.0895     0.0160 1.000 1.000
  B2                  0.700     0.7711     0.0000     0.0956     0.0051 1.000 1.000
  B3                  0.700     0.8345     0.0000     0.0804     0.0181 1.000 1.000
  B4                  0.700     0.9426     0.0000     0.0931     0.0588 0.000 1.000
  B5                  0.700     0.6296     0.0000     0.0909     0.0050 1.000 1.000

 CB       BY
  C1                  0.600     0.5763     0.0000     0.0910     0.0006 1.000 1.000
  C2                  0.700     0.6507     0.0000     0.1171     0.0024 1.000 1.000
  C3                  0.700     0.7437     0.0000     0.1153     0.0019 1.000 1.000

 W        BY
  W1                  0.700     0.6824     0.0000     0.1006     0.0003 1.000 1.000
  W2                  0.700     0.5998     0.0000     0.0891     0.0100 1.000 1.000
  W3                  0.700     0.6612     0.0000     0.1033     0.0015 1.000 1.000
  W4                  0.700     0.7700     0.0000     0.1117     0.0049 1.000 1.000
  W5                  0.700     0.5710     0.0000     0.0936     0.0167 1.000 1.000

 AB       WITH
  BB                  0.350     0.4088     0.0000     0.0998     0.0035 1.000 1.000
  CB                  0.350     0.5018     0.0000     0.1222     0.0230 1.000 1.000
  W                   0.200     0.1182     0.0000     0.1261     0.0067 1.000 0.000

 BB       WITH
  CB                  0.400     0.3554     0.0000     0.1350     0.0020 1.000 1.000
  W                   0.150     0.0486     0.0000     0.1229     0.0103 1.000 0.000

 CB       WITH
  W                   0.350     0.3381     0.0000     0.1312     0.0001 1.000 1.000

 Intercepts
  W1                  0.000    -0.0348     0.0000     0.0952     0.0012 1.000 0.000
  W2                  0.000     0.0660     0.0000     0.0870     0.0044 1.000 0.000
  W3                  0.000    -0.0538     0.0000     0.0907     0.0029 1.000 0.000
  W4                  0.000    -0.1014     0.0000     0.1000     0.0103 1.000 0.000
  W5                  0.000    -0.0768     0.0000     0.0882     0.0059 1.000 0.000
  A1                  0.000     0.1059     0.0000     0.0823     0.0112 1.000 0.000
  A2                  0.000     0.0178     0.0000     0.0807     0.0003 1.000 0.000
  A3                  0.000     0.0289     0.0000     0.0922     0.0008 1.000 0.000
  A4                  0.000     0.0997     0.0000     0.0827     0.0099 1.000 0.000
  A5                  0.000     0.0035     0.0000     0.0824     0.0000 1.000 0.000
  B1                  0.000    -0.1158     0.0000     0.0981     0.0134 1.000 0.000
  B2                  0.000    -0.0031     0.0000     0.0960     0.0000 1.000 0.000
  B3                  0.000    -0.0664     0.0000     0.1001     0.0044 1.000 0.000
  B4                  0.000    -0.0630     0.0000     0.1090     0.0040 1.000 0.000
  B5                  0.000     0.0194     0.0000     0.0908     0.0004 1.000 0.000
  C1                  0.000     0.0242     0.0000     0.0898     0.0006 1.000 0.000
  C2                  0.000    -0.0432     0.0000     0.0962     0.0019 1.000 0.000
  C3                  0.000     0.0472     0.0000     0.1017     0.0022 1.000 0.000

 Variances
  AB                  1.000     1.0000     0.0000     0.0000     0.0000 1.000 0.000
  BB                  1.000     1.0000     0.0000     0.0000     0.0000 1.000 0.000
  CB                  1.000     1.0000     0.0000     0.0000     0.0000 1.000 0.000
  W                   1.000     1.0000     0.0000     0.0000     0.0000 1.000 0.000

 Residual Variances
  W1                  0.450     0.4285     0.0000     0.0835     0.0005 1.000 1.000
  W2                  0.450     0.4895     0.0000     0.0860     0.0016 1.000 1.000
  W3                  0.450     0.4084     0.0000     0.0797     0.0017 1.000 1.000
  W4                  0.450     0.5276     0.0000     0.0987     0.0060 1.000 1.000
  W5                  0.450     0.4154     0.0000     0.0804     0.0012 1.000 1.000
  A1                  0.350     0.4362     0.0000     0.0845     0.0074 1.000 1.000
  A2                  0.350     0.2145     0.0000     0.0521     0.0184 0.000 1.000
  A3                  0.350     0.4888     0.0000     0.0923     0.0193 1.000 1.000
  A4                  0.350     0.2941     0.0000     0.0705     0.0031 1.000 1.000
  A5                  0.350     0.5175     0.0000     0.0929     0.0280 0.000 1.000
  B1                  0.400     0.3897     0.0000     0.0832     0.0001 1.000 1.000
  B2                  0.400     0.3394     0.0000     0.0728     0.0037 1.000 1.000
  B3                  0.400     0.3398     0.0000     0.0880     0.0036 1.000 1.000
  B4                  0.400     0.3760     0.0000     0.0954     0.0006 1.000 1.000
  B5                  0.400     0.3945     0.0000     0.0767     0.0000 1.000 1.000
  C1                  0.350     0.3455     0.0000     0.0807     0.0000 1.000 1.000
  C2                  0.350     0.3909     0.0000     0.1187     0.0017 1.000 1.000
  C3                  0.350     0.4768     0.0000     0.1097     0.0161 1.000 1.000


CORRELATIONS AND MEAN SQUARE ERROR OF THE TRUE FACTOR VALUES AND THE FACTOR SCORES

                        CORRELATIONS                MEAN SQUARE ERROR
                    Average    Std. Dev.           Average    Std. Dev.
  AB                  0.878       0.000              0.501       0.000
  BB                  0.895       0.000              0.452       0.000
  CB                  0.866       0.000              0.480       0.000
  W                   0.896       0.000              0.436       0.000
  A1                  0.941       0.000              0.302       0.000
  A2                  0.951       0.000              0.280       0.000
  A3                  0.949       0.000              0.290       0.000
  A4                  0.943       0.000              0.311       0.000
  A5                  0.942       0.000              0.288       0.000
  B1                  0.940       0.000              0.335       0.000
  B2                  0.946       0.000              0.302       0.000
  B3                  0.949       0.000              0.312       0.000
  B4                  0.961       0.000              0.296       0.000
  B5                  0.953       0.000              0.262       0.000
  C1                  0.933       0.000              0.293       0.000
  C2                  0.965       0.000              0.240       0.000
  C3                  0.960       0.000              0.268       0.000


TECHNICAL 1 OUTPUT


     PARAMETER SPECIFICATION FOR WITHIN


           NU
              A1            A2            A3            A4            A5
              ________      ________      ________      ________      ________
                    0             0             0             0             0


           NU
              B1            B2            B3            B4            B5
              ________      ________      ________      ________      ________
                    0             0             0             0             0


           NU
              C1            C2            C3
              ________      ________      ________
                    0             0             0


           LAMBDA
              AW            BW            CW
              ________      ________      ________
 A1                 1             0             0
 A2                 2             0             0
 A3                 3             0             0
 A4                 4             0             0
 A5                 5             0             0
 B1                 0             6             0
 B2                 0             7             0
 B3                 0             8             0
 B4                 0             9             0
 B5                 0            10             0
 C1                 0             0            11
 C2                 0             0            12
 C3                 0             0            13


           THETA
              A1            A2            A3            A4            A5
              ________      ________      ________      ________      ________
 A1                14
 A2                 0            15
 A3                 0             0            16
 A4                 0             0             0            17
 A5                 0             0             0             0            18
 B1                 0             0             0             0             0
 B2                 0             0             0             0             0
 B3                 0             0             0             0             0
 B4                 0             0             0             0             0
 B5                 0             0             0             0             0
 C1                 0             0             0             0             0
 C2                 0             0             0             0             0
 C3                 0             0             0             0             0


           THETA
              B1            B2            B3            B4            B5
              ________      ________      ________      ________      ________
 B1                19
 B2                 0            20
 B3                 0             0            21
 B4                 0             0             0            22
 B5                 0             0             0             0            23
 C1                 0             0             0             0             0
 C2                 0             0             0             0             0
 C3                 0             0             0             0             0


           THETA
              C1            C2            C3
              ________      ________      ________
 C1                24
 C2                 0            25
 C3                 0             0            26


           ALPHA
              AW            BW            CW
              ________      ________      ________
                    0             0             0


           BETA
              AW            BW            CW
              ________      ________      ________
 AW                 0             0             0
 BW                 0             0             0
 CW                 0             0             0


           PSI
              AW            BW            CW
              ________      ________      ________
 AW                 0
 BW                27             0
 CW                28            29             0


     PARAMETER SPECIFICATION FOR BETWEEN


           NU
              W1            W2            W3            W4            W5
              ________      ________      ________      ________      ________
                   30            31            32            33            34


           NU
              A1            A2            A3            A4            A5
              ________      ________      ________      ________      ________
                   35            36            37            38            39


           NU
              B1            B2            B3            B4            B5
              ________      ________      ________      ________      ________
                   40            41            42            43            44


           NU
              C1            C2            C3
              ________      ________      ________
                   45            46            47


           LAMBDA
              AB            BB            CB            W
              ________      ________      ________      ________
 W1                 0             0             0            48
 W2                 0             0             0            49
 W3                 0             0             0            50
 W4                 0             0             0            51
 W5                 0             0             0            52
 A1                53             0             0             0
 A2                54             0             0             0
 A3                55             0             0             0
 A4                56             0             0             0
 A5                57             0             0             0
 B1                 0            58             0             0
 B2                 0            59             0             0
 B3                 0            60             0             0
 B4                 0            61             0             0
 B5                 0            62             0             0
 C1                 0             0            63             0
 C2                 0             0            64             0
 C3                 0             0            65             0


           THETA
              W1            W2            W3            W4            W5
              ________      ________      ________      ________      ________
 W1                66
 W2                 0            67
 W3                 0             0            68
 W4                 0             0             0            69
 W5                 0             0             0             0            70
 A1                 0             0             0             0             0
 A2                 0             0             0             0             0
 A3                 0             0             0             0             0
 A4                 0             0             0             0             0
 A5                 0             0             0             0             0
 B1                 0             0             0             0             0
 B2                 0             0             0             0             0
 B3                 0             0             0             0             0
 B4                 0             0             0             0             0
 B5                 0             0             0             0             0
 C1                 0             0             0             0             0
 C2                 0             0             0             0             0
 C3                 0             0             0             0             0


           THETA
              A1            A2            A3            A4            A5
              ________      ________      ________      ________      ________
 A1                71
 A2                 0            72
 A3                 0             0            73
 A4                 0             0             0            74
 A5                 0             0             0             0            75
 B1                 0             0             0             0             0
 B2                 0             0             0             0             0
 B3                 0             0             0             0             0
 B4                 0             0             0             0             0
 B5                 0             0             0             0             0
 C1                 0             0             0             0             0
 C2                 0             0             0             0             0
 C3                 0             0             0             0             0


           THETA
              B1            B2            B3            B4            B5
              ________      ________      ________      ________      ________
 B1                76
 B2                 0            77
 B3                 0             0            78
 B4                 0             0             0            79
 B5                 0             0             0             0            80
 C1                 0             0             0             0             0
 C2                 0             0             0             0             0
 C3                 0             0             0             0             0


           THETA
              C1            C2            C3
              ________      ________      ________
 C1                81
 C2                 0            82
 C3                 0             0            83


           ALPHA
              AB            BB            CB            W
              ________      ________      ________      ________
                    0             0             0             0


           BETA
              AB            BB            CB            W
              ________      ________      ________      ________
 AB                 0             0             0             0
 BB                 0             0             0             0
 CB                 0             0             0             0
 W                  0             0             0             0


           PSI
              AB            BB            CB            W
              ________      ________      ________      ________
 AB                 0
 BB                84             0
 CB                85            86             0
 W                 87            88            89             0


     STARTING VALUES FOR WITHIN


           NU
              A1            A2            A3            A4            A5
              ________      ________      ________      ________      ________
                0.000         0.000         0.000         0.000         0.000


           NU
              B1            B2            B3            B4            B5
              ________      ________      ________      ________      ________
                0.000         0.000         0.000         0.000         0.000


           NU
              C1            C2            C3
              ________      ________      ________
                0.000         0.000         0.000


           LAMBDA
              AW            BW            CW
              ________      ________      ________
 A1             0.600         0.000         0.000
 A2             0.500         0.000         0.000
 A3             0.500         0.000         0.000
 A4             0.500         0.000         0.000
 A5             0.500         0.000         0.000
 B1             0.000         0.600         0.000
 B2             0.000         0.500         0.000
 B3             0.000         0.500         0.000
 B4             0.000         0.500         0.000
 B5             0.000         0.500         0.000
 C1             0.000         0.000         0.600
 C2             0.000         0.000         0.500
 C3             0.000         0.000         0.500


           THETA
              A1            A2            A3            A4            A5
              ________      ________      ________      ________      ________
 A1             0.650
 A2             0.000         0.650
 A3             0.000         0.000         0.650
 A4             0.000         0.000         0.000         0.650
 A5             0.000         0.000         0.000         0.000         0.650
 B1             0.000         0.000         0.000         0.000         0.000
 B2             0.000         0.000         0.000         0.000         0.000
 B3             0.000         0.000         0.000         0.000         0.000
 B4             0.000         0.000         0.000         0.000         0.000
 B5             0.000         0.000         0.000         0.000         0.000
 C1             0.000         0.000         0.000         0.000         0.000
 C2             0.000         0.000         0.000         0.000         0.000
 C3             0.000         0.000         0.000         0.000         0.000


           THETA
              B1            B2            B3            B4            B5
              ________      ________      ________      ________      ________
 B1             0.650
 B2             0.000         0.650
 B3             0.000         0.000         0.650
 B4             0.000         0.000         0.000         0.650
 B5             0.000         0.000         0.000         0.000         0.650
 C1             0.000         0.000         0.000         0.000         0.000
 C2             0.000         0.000         0.000         0.000         0.000
 C3             0.000         0.000         0.000         0.000         0.000


           THETA
              C1            C2            C3
              ________      ________      ________
 C1             0.650
 C2             0.000         0.650
 C3             0.000         0.000         0.650


           ALPHA
              AW            BW            CW
              ________      ________      ________
                0.000         0.000         0.000


           BETA
              AW            BW            CW
              ________      ________      ________
 AW             0.000         0.000         0.000
 BW             0.000         0.000         0.000
 CW             0.000         0.000         0.000


           PSI
              AW            BW            CW
              ________      ________      ________
 AW             1.000
 BW             0.250         1.000
 CW             0.300         0.400         1.000


     STARTING VALUES FOR BETWEEN


           NU
              W1            W2            W3            W4            W5
              ________      ________      ________      ________      ________
                0.000         0.000         0.000         0.000         0.000


           NU
              A1            A2            A3            A4            A5
              ________      ________      ________      ________      ________
                0.000         0.000         0.000         0.000         0.000


           NU
              B1            B2            B3            B4            B5
              ________      ________      ________      ________      ________
                0.000         0.000         0.000         0.000         0.000


           NU
              C1            C2            C3
              ________      ________      ________
                0.000         0.000         0.000


           LAMBDA
              AB            BB            CB            W
              ________      ________      ________      ________
 W1             0.000         0.000         0.000         0.700
 W2             0.000         0.000         0.000         0.700
 W3             0.000         0.000         0.000         0.700
 W4             0.000         0.000         0.000         0.700
 W5             0.000         0.000         0.000         0.700
 A1             0.600         0.000         0.000         0.000
 A2             0.700         0.000         0.000         0.000
 A3             0.700         0.000         0.000         0.000
 A4             0.700         0.000         0.000         0.000
 A5             0.700         0.000         0.000         0.000
 B1             0.000         0.600         0.000         0.000
 B2             0.000         0.700         0.000         0.000
 B3             0.000         0.700         0.000         0.000
 B4             0.000         0.700         0.000         0.000
 B5             0.000         0.700         0.000         0.000
 C1             0.000         0.000         0.600         0.000
 C2             0.000         0.000         0.700         0.000
 C3             0.000         0.000         0.700         0.000


           THETA
              W1            W2            W3            W4            W5
              ________      ________      ________      ________      ________
 W1             0.450
 W2             0.000         0.450
 W3             0.000         0.000         0.450
 W4             0.000         0.000         0.000         0.450
 W5             0.000         0.000         0.000         0.000         0.450
 A1             0.000         0.000         0.000         0.000         0.000
 A2             0.000         0.000         0.000         0.000         0.000
 A3             0.000         0.000         0.000         0.000         0.000
 A4             0.000         0.000         0.000         0.000         0.000
 A5             0.000         0.000         0.000         0.000         0.000
 B1             0.000         0.000         0.000         0.000         0.000
 B2             0.000         0.000         0.000         0.000         0.000
 B3             0.000         0.000         0.000         0.000         0.000
 B4             0.000         0.000         0.000         0.000         0.000
 B5             0.000         0.000         0.000         0.000         0.000
 C1             0.000         0.000         0.000         0.000         0.000
 C2             0.000         0.000         0.000         0.000         0.000
 C3             0.000         0.000         0.000         0.000         0.000


           THETA
              A1            A2            A3            A4            A5
              ________      ________      ________      ________      ________
 A1             0.350
 A2             0.000         0.350
 A3             0.000         0.000         0.350
 A4             0.000         0.000         0.000         0.350
 A5             0.000         0.000         0.000         0.000         0.350
 B1             0.000         0.000         0.000         0.000         0.000
 B2             0.000         0.000         0.000         0.000         0.000
 B3             0.000         0.000         0.000         0.000         0.000
 B4             0.000         0.000         0.000         0.000         0.000
 B5             0.000         0.000         0.000         0.000         0.000
 C1             0.000         0.000         0.000         0.000         0.000
 C2             0.000         0.000         0.000         0.000         0.000
 C3             0.000         0.000         0.000         0.000         0.000


           THETA
              B1            B2            B3            B4            B5
              ________      ________      ________      ________      ________
 B1             0.400
 B2             0.000         0.400
 B3             0.000         0.000         0.400
 B4             0.000         0.000         0.000         0.400
 B5             0.000         0.000         0.000         0.000         0.400
 C1             0.000         0.000         0.000         0.000         0.000
 C2             0.000         0.000         0.000         0.000         0.000
 C3             0.000         0.000         0.000         0.000         0.000


           THETA
              C1            C2            C3
              ________      ________      ________
 C1             0.350
 C2             0.000         0.350
 C3             0.000         0.000         0.350


           ALPHA
              AB            BB            CB            W
              ________      ________      ________      ________
                0.000         0.000         0.000         0.000


           BETA
              AB            BB            CB            W
              ________      ________      ________      ________
 AB             0.000         0.000         0.000         0.000
 BB             0.000         0.000         0.000         0.000
 CB             0.000         0.000         0.000         0.000
 W              0.000         0.000         0.000         0.000


           PSI
              AB            BB            CB            W
              ________      ________      ________      ________
 AB             1.000
 BB             0.350         1.000
 CB             0.350         0.400         1.000
 W              0.200         0.150         0.350         1.000


     POPULATION VALUES FOR WITHIN


           NU
              A1            A2            A3            A4            A5
              ________      ________      ________      ________      ________
                0.000         0.000         0.000         0.000         0.000


           NU
              B1            B2            B3            B4            B5
              ________      ________      ________      ________      ________
                0.000         0.000         0.000         0.000         0.000


           NU
              C1            C2            C3
              ________      ________      ________
                0.000         0.000         0.000


           LAMBDA
              AW            BW            CW
              ________      ________      ________
 A1             0.600         0.000         0.000
 A2             0.600         0.000         0.000
 A3             0.600         0.000         0.000
 A4             0.600         0.000         0.000
 A5             0.600         0.000         0.000
 B1             0.000         0.600         0.000
 B2             0.000         0.600         0.000
 B3             0.000         0.600         0.000
 B4             0.000         0.600         0.000
 B5             0.000         0.600         0.000
 C1             0.000         0.000         0.600
 C2             0.000         0.000         0.600
 C3             0.000         0.000         0.600


           THETA
              A1            A2            A3            A4            A5
              ________      ________      ________      ________      ________
 A1             0.650
 A2             0.000         0.650
 A3             0.000         0.000         0.650
 A4             0.000         0.000         0.000         0.650
 A5             0.000         0.000         0.000         0.000         0.650
 B1             0.000         0.000         0.000         0.000         0.000
 B2             0.000         0.000         0.000         0.000         0.000
 B3             0.000         0.000         0.000         0.000         0.000
 B4             0.000         0.000         0.000         0.000         0.000
 B5             0.000         0.000         0.000         0.000         0.000
 C1             0.000         0.000         0.000         0.000         0.000
 C2             0.000         0.000         0.000         0.000         0.000
 C3             0.000         0.000         0.000         0.000         0.000


           THETA
              B1            B2            B3            B4            B5
              ________      ________      ________      ________      ________
 B1             0.650
 B2             0.000         0.650
 B3             0.000         0.000         0.650
 B4             0.000         0.000         0.000         0.650
 B5             0.000         0.000         0.000         0.000         0.650
 C1             0.000         0.000         0.000         0.000         0.000
 C2             0.000         0.000         0.000         0.000         0.000
 C3             0.000         0.000         0.000         0.000         0.000


           THETA
              C1            C2            C3
              ________      ________      ________
 C1             0.650
 C2             0.000         0.650
 C3             0.000         0.000         0.650


           ALPHA
              AW            BW            CW
              ________      ________      ________
                0.000         0.000         0.000


           BETA
              AW            BW            CW
              ________      ________      ________
 AW             0.000         0.000         0.000
 BW             0.000         0.000         0.000
 CW             0.000         0.000         0.000


           PSI
              AW            BW            CW
              ________      ________      ________
 AW             1.000
 BW             0.250         1.000
 CW             0.300         0.400         1.000


     POPULATION VALUES FOR BETWEEN


           NU
              W1            W2            W3            W4            W5
              ________      ________      ________      ________      ________
                0.000         0.000         0.000         0.000         0.000


           NU
              A1            A2            A3            A4            A5
              ________      ________      ________      ________      ________
                0.000         0.000         0.000         0.000         0.000


           NU
              B1            B2            B3            B4            B5
              ________      ________      ________      ________      ________
                0.000         0.000         0.000         0.000         0.000


           NU
              C1            C2            C3
              ________      ________      ________
                0.000         0.000         0.000


           LAMBDA
              AB            BB            CB            W
              ________      ________      ________      ________
 W1             0.000         0.000         0.000         0.700
 W2             0.000         0.000         0.000         0.700
 W3             0.000         0.000         0.000         0.700
 W4             0.000         0.000         0.000         0.700
 W5             0.000         0.000         0.000         0.700
 A1             0.600         0.000         0.000         0.000
 A2             0.700         0.000         0.000         0.000
 A3             0.700         0.000         0.000         0.000
 A4             0.700         0.000         0.000         0.000
 A5             0.700         0.000         0.000         0.000
 B1             0.000         0.600         0.000         0.000
 B2             0.000         0.700         0.000         0.000
 B3             0.000         0.700         0.000         0.000
 B4             0.000         0.700         0.000         0.000
 B5             0.000         0.700         0.000         0.000
 C1             0.000         0.000         0.600         0.000
 C2             0.000         0.000         0.700         0.000
 C3             0.000         0.000         0.700         0.000


           THETA
              W1            W2            W3            W4            W5
              ________      ________      ________      ________      ________
 W1             0.450
 W2             0.000         0.450
 W3             0.000         0.000         0.450
 W4             0.000         0.000         0.000         0.450
 W5             0.000         0.000         0.000         0.000         0.450
 A1             0.000         0.000         0.000         0.000         0.000
 A2             0.000         0.000         0.000         0.000         0.000
 A3             0.000         0.000         0.000         0.000         0.000
 A4             0.000         0.000         0.000         0.000         0.000
 A5             0.000         0.000         0.000         0.000         0.000
 B1             0.000         0.000         0.000         0.000         0.000
 B2             0.000         0.000         0.000         0.000         0.000
 B3             0.000         0.000         0.000         0.000         0.000
 B4             0.000         0.000         0.000         0.000         0.000
 B5             0.000         0.000         0.000         0.000         0.000
 C1             0.000         0.000         0.000         0.000         0.000
 C2             0.000         0.000         0.000         0.000         0.000
 C3             0.000         0.000         0.000         0.000         0.000


           THETA
              A1            A2            A3            A4            A5
              ________      ________      ________      ________      ________
 A1             0.350
 A2             0.000         0.350
 A3             0.000         0.000         0.350
 A4             0.000         0.000         0.000         0.350
 A5             0.000         0.000         0.000         0.000         0.350
 B1             0.000         0.000         0.000         0.000         0.000
 B2             0.000         0.000         0.000         0.000         0.000
 B3             0.000         0.000         0.000         0.000         0.000
 B4             0.000         0.000         0.000         0.000         0.000
 B5             0.000         0.000         0.000         0.000         0.000
 C1             0.000         0.000         0.000         0.000         0.000
 C2             0.000         0.000         0.000         0.000         0.000
 C3             0.000         0.000         0.000         0.000         0.000


           THETA
              B1            B2            B3            B4            B5
              ________      ________      ________      ________      ________
 B1             0.400
 B2             0.000         0.400
 B3             0.000         0.000         0.400
 B4             0.000         0.000         0.000         0.400
 B5             0.000         0.000         0.000         0.000         0.400
 C1             0.000         0.000         0.000         0.000         0.000
 C2             0.000         0.000         0.000         0.000         0.000
 C3             0.000         0.000         0.000         0.000         0.000


           THETA
              C1            C2            C3
              ________      ________      ________
 C1             0.350
 C2             0.000         0.350
 C3             0.000         0.000         0.350


           ALPHA
              AB            BB            CB            W
              ________      ________      ________      ________
                0.000         0.000         0.000         0.000


           BETA
              AB            BB            CB            W
              ________      ________      ________      ________
 AB             0.000         0.000         0.000         0.000
 BB             0.000         0.000         0.000         0.000
 CB             0.000         0.000         0.000         0.000
 W              0.000         0.000         0.000         0.000


           PSI
              AB            BB            CB            W
              ________      ________      ________      ________
 AB             1.000
 BB             0.350         1.000
 CB             0.350         0.400         1.000
 W              0.200         0.150         0.350         1.000



     PRIORS FOR ALL PARAMETERS            PRIOR MEAN      PRIOR VARIANCE     PRIOR STD. DEV.

     Parameter 1~N(0.000,infinity)           0.0000            infinity            infinity
     Parameter 2~N(0.000,infinity)           0.0000            infinity            infinity
     Parameter 3~N(0.000,infinity)           0.0000            infinity            infinity
     Parameter 4~N(0.000,infinity)           0.0000            infinity            infinity
     Parameter 5~N(0.000,infinity)           0.0000            infinity            infinity
     Parameter 6~N(0.000,infinity)           0.0000            infinity            infinity
     Parameter 7~N(0.000,infinity)           0.0000            infinity            infinity
     Parameter 8~N(0.000,infinity)           0.0000            infinity            infinity
     Parameter 9~N(0.000,infinity)           0.0000            infinity            infinity
     Parameter 10~N(0.000,infinity)          0.0000            infinity            infinity
     Parameter 11~N(0.000,infinity)          0.0000            infinity            infinity
     Parameter 12~N(0.000,infinity)          0.0000            infinity            infinity
     Parameter 13~N(0.000,infinity)          0.0000            infinity            infinity
     Parameter 14~IG(-1.000,0.000)         infinity            infinity            infinity
     Parameter 15~IG(-1.000,0.000)         infinity            infinity            infinity
     Parameter 16~IG(-1.000,0.000)         infinity            infinity            infinity
     Parameter 17~IG(-1.000,0.000)         infinity            infinity            infinity
     Parameter 18~IG(-1.000,0.000)         infinity            infinity            infinity
     Parameter 19~IG(-1.000,0.000)         infinity            infinity            infinity
     Parameter 20~IG(-1.000,0.000)         infinity            infinity            infinity
     Parameter 21~IG(-1.000,0.000)         infinity            infinity            infinity
     Parameter 22~IG(-1.000,0.000)         infinity            infinity            infinity
     Parameter 23~IG(-1.000,0.000)         infinity            infinity            infinity
     Parameter 24~IG(-1.000,0.000)         infinity            infinity            infinity
     Parameter 25~IG(-1.000,0.000)         infinity            infinity            infinity
     Parameter 26~IG(-1.000,0.000)         infinity            infinity            infinity
     Parameter 27~IW(0.000,-4)
     Parameter 28~IW(0.000,-4)
     Parameter 29~IW(0.000,-4)
     Parameter 30~N(0.000,infinity)          0.0000            infinity            infinity
     Parameter 31~N(0.000,infinity)          0.0000            infinity            infinity
     Parameter 32~N(0.000,infinity)          0.0000            infinity            infinity
     Parameter 33~N(0.000,infinity)          0.0000            infinity            infinity
     Parameter 34~N(0.000,infinity)          0.0000            infinity            infinity
     Parameter 35~N(0.000,infinity)          0.0000            infinity            infinity
     Parameter 36~N(0.000,infinity)          0.0000            infinity            infinity
     Parameter 37~N(0.000,infinity)          0.0000            infinity            infinity
     Parameter 38~N(0.000,infinity)          0.0000            infinity            infinity
     Parameter 39~N(0.000,infinity)          0.0000            infinity            infinity
     Parameter 40~N(0.000,infinity)          0.0000            infinity            infinity
     Parameter 41~N(0.000,infinity)          0.0000            infinity            infinity
     Parameter 42~N(0.000,infinity)          0.0000            infinity            infinity
     Parameter 43~N(0.000,infinity)          0.0000            infinity            infinity
     Parameter 44~N(0.000,infinity)          0.0000            infinity            infinity
     Parameter 45~N(0.000,infinity)          0.0000            infinity            infinity
     Parameter 46~N(0.000,infinity)          0.0000            infinity            infinity
     Parameter 47~N(0.000,infinity)          0.0000            infinity            infinity
     Parameter 48~N(0.000,infinity)          0.0000            infinity            infinity
     Parameter 49~N(0.000,infinity)          0.0000            infinity            infinity
     Parameter 50~N(0.000,infinity)          0.0000            infinity            infinity
     Parameter 51~N(0.000,infinity)          0.0000            infinity            infinity
     Parameter 52~N(0.000,infinity)          0.0000            infinity            infinity
     Parameter 53~N(0.000,infinity)          0.0000            infinity            infinity
     Parameter 54~N(0.000,infinity)          0.0000            infinity            infinity
     Parameter 55~N(0.000,infinity)          0.0000            infinity            infinity
     Parameter 56~N(0.000,infinity)          0.0000            infinity            infinity
     Parameter 57~N(0.000,infinity)          0.0000            infinity            infinity
     Parameter 58~N(0.000,infinity)          0.0000            infinity            infinity
     Parameter 59~N(0.000,infinity)          0.0000            infinity            infinity
     Parameter 60~N(0.000,infinity)          0.0000            infinity            infinity
     Parameter 61~N(0.000,infinity)          0.0000            infinity            infinity
     Parameter 62~N(0.000,infinity)          0.0000            infinity            infinity
     Parameter 63~N(0.000,infinity)          0.0000            infinity            infinity
     Parameter 64~N(0.000,infinity)          0.0000            infinity            infinity
     Parameter 65~N(0.000,infinity)          0.0000            infinity            infinity
     Parameter 66~IG(-1.000,0.000)         infinity            infinity            infinity
     Parameter 67~IG(-1.000,0.000)         infinity            infinity            infinity
     Parameter 68~IG(-1.000,0.000)         infinity            infinity            infinity
     Parameter 69~IG(-1.000,0.000)         infinity            infinity            infinity
     Parameter 70~IG(-1.000,0.000)         infinity            infinity            infinity
     Parameter 71~IG(-1.000,0.000)         infinity            infinity            infinity
     Parameter 72~IG(-1.000,0.000)         infinity            infinity            infinity
     Parameter 73~IG(-1.000,0.000)         infinity            infinity            infinity
     Parameter 74~IG(-1.000,0.000)         infinity            infinity            infinity
     Parameter 75~IG(-1.000,0.000)         infinity            infinity            infinity
     Parameter 76~IG(-1.000,0.000)         infinity            infinity            infinity
     Parameter 77~IG(-1.000,0.000)         infinity            infinity            infinity
     Parameter 78~IG(-1.000,0.000)         infinity            infinity            infinity
     Parameter 79~IG(-1.000,0.000)         infinity            infinity            infinity
     Parameter 80~IG(-1.000,0.000)         infinity            infinity            infinity
     Parameter 81~IG(-1.000,0.000)         infinity            infinity            infinity
     Parameter 82~IG(-1.000,0.000)         infinity            infinity            infinity
     Parameter 83~IG(-1.000,0.000)         infinity            infinity            infinity
     Parameter 84~IW(0.000,-5)
     Parameter 85~IW(0.000,-5)
     Parameter 86~IW(0.000,-5)
     Parameter 87~IW(0.000,-5)
     Parameter 88~IW(0.000,-5)
     Parameter 89~IW(0.000,-5)


TECHNICAL 9 OUTPUT

  Error messages for each replication (if any)



SAVEDATA INFORMATION

  Order of variables

    W1
    W2
    W3
    W4
    W5
    A1
    A2
    A3
    A4
    A5
    B1
    B2
    B3
    B4
    B5
    C1
    C2
    C3
    CLUSTER

  Save file
    example2rep*.dat

  Save file format           Free
  Save file record length    10000


     Beginning Time:  15:23:40
        Ending Time:  15:23:40
       Elapsed Time:  00:00:00



MUTHEN & MUTHEN
3463 Stoner Ave.
Los Angeles, CA  90066

Tel: (310) 391-9971
Fax: (310) 391-8971
Web: www.StatModel.com
Support: Support@StatModel.com

Copyright (c) 1998-2020 Muthen & Muthen
