Mplus VERSION 8.5
MUTHEN & MUTHEN
01/24/2025   2:29 PM

INPUT INSTRUCTIONS

  TITLE:	 generated dataset for 1-1-1 multilevel mediation
  	without CLI, with random effect covariances

  montecarlo:
  		names are y x m;
  		nobservations = 1000;
  		ncsizes = 1;
  		csizes = 100 (10);
  		seed = 42;
  		nreps = 2;
  !		within = x;
  		!between = w;
  		REPSAVE = ALL; SAVE = example1_altrep*.dat;

  ANALYSIS:  TYPE = TWOLEVEL RANDOM;
  ESTIMATOR = BAYES; !FBITER = 800;

  model population:
  		%within%
  		! variances of exogenous variables
  		x@0.5;
  		! (residual) variances of endogenous variables
  		y*0.3;
  		m*0.3;
  		! mediation with random parameters
  		sa | m on x;
  		sb | y on m;
  		scprime | y on x;

  		%between%
  		! exogenous: variances and means
          [x@2]; x*1;
  		! endogenous: residual vareiances and intercepts
  		[m*4]; m*0.4;
  		[y*3]; y*0.4;
  		! variances of random slopes/effects
  		sa*.3;
  		sb*.3;
  		scprime*.3;
  		! intercepts of random slopes
  		[sa*0.35] (ma);
  		[sb*0.05] (mb);
  		[scprime*0.35] (mc);

  		! correlations of random slopes
  		sa WITH sb*0.02 (cab);
  		sa WITH scprime*0.05;
  		sb WITH scprime*0.02;
  		! between-level mediation effects
  		y ON m*0.25;
  		m on x*0.4;
  		y on x*0.3;
  		
  		! cross-level interaction for sa (first stage mediation)
          !w with x*.3;
  		!m on w*0.2;
  		!sa on w*0.5;
          !m with sa*.2;


  		
  model:
  		%within%
  		! variances of exogenous variables
  		x@0.5;
  		! (residual) variances of endogenous variables
  		y*0.3;
  		m*0.3;
  		! mediation with random parameters
  		sa | m on x;
  		sb | y on m;
  		scprime | y on x;

  		%between%
  		! exogenous: variances and means
          [x@2]; x*1;
  		! endogenous: residual vareiances and intercepts
  		[m*4]; m*0.4;
  		[y*3]; y*0.4;
  		! variances of random slopes/effects
  		sa*.3;
  		sb*.3;
  		scprime*.3;
  		! intercepts of random slopes
  		[sa*0.35] (ma);
  		[sb*0.05] (mb);
  		[scprime*0.35] (mc);

  		! correlations of random slopes
  		sa WITH sb*0.05 (cab);
  		sa WITH scprime*0.05;
  		sb WITH scprime*0.05;

  		! between-level mediation effects
  		y ON m*0.25;
  		m on x*0.4;
  		y on x*0.3;
  		
  		! cross-level interaction for sa (first stage mediation)
          !w with x*.3;
  		!m on w*0.2;
  		!sa on w*0.5;
          !m with sa*.2;

  MODEL CONSTRAINT:
  	NEW(indi*0.05);
  	indi = ma*mb+cab;

  output:
  		tech9;



*** WARNING in MODEL command
  In the MODEL command, the x variable on the WITHIN level has been turned into a
  y variable to enable latent variable decomposition.  This variable will be treated
  as a y-variable on both levels:  X
   1 WARNING(S) FOUND IN THE INPUT INSTRUCTIONS



generated dataset for 1-1-1 multilevel mediation
without CLI, with random effect covariances

SUMMARY OF ANALYSIS

Number of groups                                                 1
Number of observations                                        1000

Number of replications
    Requested                                                    2
    Completed                                                    2
Value of seed                                                   42

Number of dependent variables                                    3
Number of independent variables                                  0
Number of continuous latent variables                            3

Observed dependent variables

  Continuous
   Y           X           M

Continuous latent variables
   SA          SB          SCPRIME


Estimator                                                    BAYES
Specifications for Bayesian Estimation
  Point estimate                                            MEDIAN
  Number of Markov chain Monte Carlo (MCMC) chains               2
  Random seed for the first chain                                0
  Starting value information                           UNPERTURBED
  Algorithm used for Markov chain Monte Carlo           GIBBS(PX1)
  Convergence criterion                                  0.500D-01
  Maximum number of iterations                               50000
  K-th iteration used for thinning                               1


SUMMARY OF DATA FOR THE FIRST REPLICATION

     Cluster information

       Size (s)    Number of clusters of Size s

         10           100





MODEL FIT INFORMATION

Number of Free Parameters                       19

Information Criteria

    Deviance (DIC)

        Mean                              5826.504
        Std Dev                             72.848
        Number of successful computations        2

             Proportions                   Percentiles
        Expected    Observed         Expected       Observed
           0.990       1.000         5657.038       5753.656
           0.980       1.000         5676.897       5753.656
           0.950       1.000         5706.677       5753.656
           0.900       1.000         5733.142       5753.656
           0.800       0.500         5765.195       5753.656
           0.700       0.500         5788.303       5753.656
           0.500       0.500         5826.504       5753.656
           0.300       0.500         5864.705       5753.656
           0.200       0.500         5887.813       5753.656
           0.100       0.000         5919.866       5753.656
           0.050       0.000         5946.331       5753.656
           0.020       0.000         5976.112       5753.656
           0.010       0.000         5995.970       5753.656

    Estimated Number of Parameters (pD)

        Mean                               473.812
        Std Dev                              3.574
        Number of successful computations        2

             Proportions                   Percentiles
        Expected    Observed         Expected       Observed
           0.990       1.000          465.499        470.238
           0.980       1.000          466.473        470.238
           0.950       1.000          467.934        470.238
           0.900       1.000          469.232        470.238
           0.800       0.500          470.804        470.238
           0.700       0.500          471.938        470.238
           0.500       0.500          473.812        470.238
           0.300       0.500          475.686        470.238
           0.200       0.500          476.820        470.238
           0.100       0.000          478.392        470.238
           0.050       0.000          479.690        470.238
           0.020       0.000          481.151        470.238
           0.010       0.000          482.126        470.238



MODEL RESULTS

                              ESTIMATES              S. E.     M. S. E.  95%  % Sig
                 Population   Average   Std. Dev.   Average             Cover Coeff

Within Level

 Variances
  X                   0.500     0.5000     0.0000     0.0000     0.0000 1.000 0.000

 Residual Variances
  Y                   0.300     0.2843     0.0100     0.0152     0.0003 1.000 1.000
  M                   0.300     0.2956     0.0316     0.0151     0.0005 1.000 1.000

Between Level

 Y          ON
  M                   0.250     0.4368     0.0538     0.1207     0.0364 1.000 1.000
  X                   0.300     0.3214     0.0899     0.0973     0.0045 1.000 1.000

 M          ON
  X                   0.400     0.4489     0.0064     0.0706     0.0024 1.000 1.000

 SA       WITH
  SB                  0.050     0.0248     0.0713     0.0438     0.0032 1.000 0.000
  SCPRIME             0.050     0.0760     0.0024     0.0380     0.0007 1.000 0.500

 SB       WITH
  SCPRIME             0.050     0.0245     0.0174     0.0396     0.0008 1.000 0.000

 Means
  X                   2.000     2.0000     0.0000     0.0000     0.0000 1.000 0.000
  SA                  0.350     0.3556     0.0485     0.0578     0.0012 1.000 1.000
  SB                  0.050     0.0288     0.0193     0.0707     0.0006 1.000 0.000
  SCPRIME             0.350     0.3001     0.0314     0.0662     0.0030 1.000 1.000

 Intercepts
  Y                   3.000     2.0649     0.0738     0.5136     0.8772 1.000 1.000
  M                   4.000     3.8682     0.0069     0.1570     0.0174 1.000 1.000

 Variances
  X                   1.000     0.9031     0.1152     0.1451     0.0160 1.000 1.000
  SA                  0.300     0.2880     0.0140     0.0543     0.0002 1.000 1.000
  SB                  0.300     0.3049     0.0017     0.0572     0.0000 1.000 1.000
  SCPRIME             0.300     0.2752     0.0375     0.0584     0.0013 1.000 1.000

 Residual Variances
  Y                   0.400     0.4843     0.0859     0.0909     0.0108 1.000 1.000
  M                   0.400     0.4017     0.0443     0.0672     0.0010 1.000 1.000

New/Additional Parameters
  INDI                0.050     0.0324     0.0835     0.0526     0.0038 1.000 0.000


CORRELATIONS AND MEAN SQUARE ERROR OF THE TRUE FACTOR VALUES AND THE FACTOR SCORES

                        CORRELATIONS                MEAN SQUARE ERROR
                    Average    Std. Dev.           Average    Std. Dev.
  SA                  0.893       0.009              0.235       0.001
  SB                  0.821       0.018              0.306       0.037
  SCPRIME             0.812       0.008              0.309       0.030
  Y                   0.965       0.001              0.225       0.028
  X                   0.976       0.003              0.207       0.002
  M                   0.966       0.004              0.195       0.023


TECHNICAL 1 OUTPUT


     PARAMETER SPECIFICATION FOR WITHIN


           NU
              Y             X             M
              ________      ________      ________
                    0             0             0


           LAMBDA
              Y             X             M
              ________      ________      ________
 Y                  0             0             0
 X                  0             0             0
 M                  0             0             0


           THETA
              Y             X             M
              ________      ________      ________
 Y                  0
 X                  0             0
 M                  0             0             0


           ALPHA
              Y             X             M
              ________      ________      ________
                    0             0             0


           BETA
              Y             X             M
              ________      ________      ________
 Y                  0             0             0
 X                  0             0             0
 M                  0             0             0


           PSI
              Y             X             M
              ________      ________      ________
 Y                  1
 X                  0             0
 M                  0             0             2


     PARAMETER SPECIFICATION FOR BETWEEN


           NU
              Y             X             M
              ________      ________      ________
                    0             0             0


           LAMBDA
              SA            SB            SCPRIME       Y             X
              ________      ________      ________      ________      ________
 Y                  0             0             0             0             0
 X                  0             0             0             0             0
 M                  0             0             0             0             0


           LAMBDA
              M
              ________
 Y                  0
 X                  0
 M                  0


           THETA
              Y             X             M
              ________      ________      ________
 Y                  0
 X                  0             0
 M                  0             0             0


           ALPHA
              SA            SB            SCPRIME       Y             X
              ________      ________      ________      ________      ________
                    3             4             5             6             0


           ALPHA
              M
              ________
                    7


           BETA
              SA            SB            SCPRIME       Y             X
              ________      ________      ________      ________      ________
 SA                 0             0             0             0             0
 SB                 0             0             0             0             0
 SCPRIME            0             0             0             0             0
 Y                  0             0             0             0             8
 X                  0             0             0             0             0
 M                  0             0             0             0            10


           BETA
              M
              ________
 SA                 0
 SB                 0
 SCPRIME            0
 Y                  9
 X                  0
 M                  0


           PSI
              SA            SB            SCPRIME       Y             X
              ________      ________      ________      ________      ________
 SA                11
 SB                12            13
 SCPRIME           14            15            16
 Y                  0             0             0            17
 X                  0             0             0             0            18
 M                  0             0             0             0             0


           PSI
              M
              ________
 M                 19


     PARAMETER SPECIFICATION FOR THE ADDITIONAL PARAMETERS


           NEW/ADDITIONAL PARAMETERS
              INDI
              ________
                   20


     STARTING VALUES FOR WITHIN


           NU
              Y             X             M
              ________      ________      ________
                0.000         0.000         0.000


           LAMBDA
              Y             X             M
              ________      ________      ________
 Y              1.000         0.000         0.000
 X              0.000         1.000         0.000
 M              0.000         0.000         1.000


           THETA
              Y             X             M
              ________      ________      ________
 Y              0.000
 X              0.000         0.000
 M              0.000         0.000         0.000


           ALPHA
              Y             X             M
              ________      ________      ________
                0.000         0.000         0.000


           BETA
              Y             X             M
              ________      ________      ________
 Y              0.000         0.000         0.000
 X              0.000         0.000         0.000
 M              0.000         0.000         0.000


           PSI
              Y             X             M
              ________      ________      ________
 Y              0.300
 X              0.000         0.500
 M              0.000         0.000         0.300


     STARTING VALUES FOR BETWEEN


           NU
              Y             X             M
              ________      ________      ________
                0.000         0.000         0.000


           LAMBDA
              SA            SB            SCPRIME       Y             X
              ________      ________      ________      ________      ________
 Y              0.000         0.000         0.000         1.000         0.000
 X              0.000         0.000         0.000         0.000         1.000
 M              0.000         0.000         0.000         0.000         0.000


           LAMBDA
              M
              ________
 Y              0.000
 X              0.000
 M              1.000


           THETA
              Y             X             M
              ________      ________      ________
 Y              0.000
 X              0.000         0.000
 M              0.000         0.000         0.000


           ALPHA
              SA            SB            SCPRIME       Y             X
              ________      ________      ________      ________      ________
                0.350         0.050         0.350         3.000         2.000


           ALPHA
              M
              ________
                4.000


           BETA
              SA            SB            SCPRIME       Y             X
              ________      ________      ________      ________      ________
 SA             0.000         0.000         0.000         0.000         0.000
 SB             0.000         0.000         0.000         0.000         0.000
 SCPRIME        0.000         0.000         0.000         0.000         0.000
 Y              0.000         0.000         0.000         0.000         0.300
 X              0.000         0.000         0.000         0.000         0.000
 M              0.000         0.000         0.000         0.000         0.400


           BETA
              M
              ________
 SA             0.000
 SB             0.000
 SCPRIME        0.000
 Y              0.250
 X              0.000
 M              0.000


           PSI
              SA            SB            SCPRIME       Y             X
              ________      ________      ________      ________      ________
 SA             0.300
 SB             0.050         0.300
 SCPRIME        0.050         0.050         0.300
 Y              0.000         0.000         0.000         0.400
 X              0.000         0.000         0.000         0.000         1.000
 M              0.000         0.000         0.000         0.000         0.000


           PSI
              M
              ________
 M              0.400


     STARTING VALUES FOR THE ADDITIONAL PARAMETERS


           NEW/ADDITIONAL PARAMETERS
              INDI
              ________
                0.050


     POPULATION VALUES FOR WITHIN


           NU
              Y             X             M
              ________      ________      ________
                0.000         0.000         0.000


           LAMBDA
              Y             X             M
              ________      ________      ________
 Y              1.000         0.000         0.000
 X              0.000         1.000         0.000
 M              0.000         0.000         1.000


           THETA
              Y             X             M
              ________      ________      ________
 Y              0.000
 X              0.000         0.000
 M              0.000         0.000         0.000


           ALPHA
              Y             X             M
              ________      ________      ________
                0.000         0.000         0.000


           BETA
              Y             X             M
              ________      ________      ________
 Y              0.000         0.000         0.000
 X              0.000         0.000         0.000
 M              0.000         0.000         0.000


           PSI
              Y             X             M
              ________      ________      ________
 Y              0.300
 X              0.000         0.500
 M              0.000         0.000         0.300


     POPULATION VALUES FOR BETWEEN


           NU
              Y             X             M
              ________      ________      ________
                0.000         0.000         0.000


           LAMBDA
              SA            SB            SCPRIME       Y             X
              ________      ________      ________      ________      ________
 Y              0.000         0.000         0.000         1.000         0.000
 X              0.000         0.000         0.000         0.000         1.000
 M              0.000         0.000         0.000         0.000         0.000


           LAMBDA
              M
              ________
 Y              0.000
 X              0.000
 M              1.000


           THETA
              Y             X             M
              ________      ________      ________
 Y              0.000
 X              0.000         0.000
 M              0.000         0.000         0.000


           ALPHA
              SA            SB            SCPRIME       Y             X
              ________      ________      ________      ________      ________
                0.350         0.050         0.350         3.000         2.000


           ALPHA
              M
              ________
                4.000


           BETA
              SA            SB            SCPRIME       Y             X
              ________      ________      ________      ________      ________
 SA             0.000         0.000         0.000         0.000         0.000
 SB             0.000         0.000         0.000         0.000         0.000
 SCPRIME        0.000         0.000         0.000         0.000         0.000
 Y              0.000         0.000         0.000         0.000         0.300
 X              0.000         0.000         0.000         0.000         0.000
 M              0.000         0.000         0.000         0.000         0.400


           BETA
              M
              ________
 SA             0.000
 SB             0.000
 SCPRIME        0.000
 Y              0.250
 X              0.000
 M              0.000


           PSI
              SA            SB            SCPRIME       Y             X
              ________      ________      ________      ________      ________
 SA             0.300
 SB             0.020         0.300
 SCPRIME        0.050         0.020         0.300
 Y              0.000         0.000         0.000         0.400
 X              0.000         0.000         0.000         0.000         1.000
 M              0.000         0.000         0.000         0.000         0.000


           PSI
              M
              ________
 M              0.400



     PRIORS FOR ALL PARAMETERS            PRIOR MEAN      PRIOR VARIANCE     PRIOR STD. DEV.

     Parameter 1~IG(-1.000,0.000)          infinity            infinity            infinity
     Parameter 2~IG(-1.000,0.000)          infinity            infinity            infinity
     Parameter 3~N(0.000,infinity)           0.0000            infinity            infinity
     Parameter 4~N(0.000,infinity)           0.0000            infinity            infinity
     Parameter 5~N(0.000,infinity)           0.0000            infinity            infinity
     Parameter 6~N(0.000,infinity)           0.0000            infinity            infinity
     Parameter 7~N(0.000,infinity)           0.0000            infinity            infinity
     Parameter 8~N(0.000,infinity)           0.0000            infinity            infinity
     Parameter 9~N(0.000,infinity)           0.0000            infinity            infinity
     Parameter 10~N(0.000,infinity)          0.0000            infinity            infinity
     Parameter 11~IW(0.000,-4)             infinity            infinity            infinity
     Parameter 12~IW(0.000,-4)             infinity            infinity            infinity
     Parameter 13~IW(0.000,-4)             infinity            infinity            infinity
     Parameter 14~IW(0.000,-4)             infinity            infinity            infinity
     Parameter 15~IW(0.000,-4)             infinity            infinity            infinity
     Parameter 16~IW(0.000,-4)             infinity            infinity            infinity
     Parameter 17~IG(-1.000,0.000)         infinity            infinity            infinity
     Parameter 18~IG(-1.000,0.000)         infinity            infinity            infinity
     Parameter 19~IG(-1.000,0.000)         infinity            infinity            infinity


TECHNICAL 9 OUTPUT

  Error messages for each replication (if any)



SAVEDATA INFORMATION

  Order of variables

    Y
    X
    M
    CLUSTER

  Save file
    example1_altrep*.dat

  Save file format           Free
  Save file record length    10000


     Beginning Time:  14:29:05
        Ending Time:  14:29:06
       Elapsed Time:  00:00:01



MUTHEN & MUTHEN
3463 Stoner Ave.
Los Angeles, CA  90066

Tel: (310) 391-9971
Fax: (310) 391-8971
Web: www.StatModel.com
Support: Support@StatModel.com

Copyright (c) 1998-2020 Muthen & Muthen
