Mplus VERSION 8.5
MUTHEN & MUTHEN
11/29/2024   3:49 PM

INPUT INSTRUCTIONS

  TITLE:	 generated dataset for 1-1-1 multilevel mediation
  	with cross-level interaction

  montecarlo:
  		names are y x m w;
  		nobservations = 1000;
  		ncsizes = 1;
  		csizes = 100 (10);
  		seed = 42;
  		nreps = 2;
  !		within = x;
  		between = w;
  		REPSAVE = ALL; SAVE = example1rep*.dat;

  ANALYSIS:  TYPE = TWOLEVEL RANDOM;
  ESTIMATOR = BAYES; !FBITER = 800;

  model population:
  		%within%
  		! variances of exogenous variables
  		x@1;
  		! (residual) variances of endogenous variables
  		y*1;
  		m*1;
  		! mediation with random parameters
  		sa | m on x;
  		sb | y on m;
  		scprime | y on x;

  		%between%
  		! exogenous: variances and means
  		[w@3]; w*1;
          [x@2]; x*1;
  		! endogenous: residual vareiances and intercepts
  		[m*4]; m*1;
  		[y*3]; y*1;
  		! variances of random slopes/effects
  		sa*.3;
  		sb*.3;
  		scprime*.15;
  		! intercepts of random slopes
  		[sa*1]; [sb*1]; [scprime*0.2];

  		! between-level mediation effects
  		y ON m*0.4;
  		m on x*0.4;
  		y on m*0.2;
  		! cross-level interaction for sa (first stage mediation)
          w with x*.3;
  		m on w*0.2;
  		sa on w*0.5;
          m with sa*.2;

  		
  model:
  		%within%
  		! variances of exogenous variables
  		x@1;
  		! (residual) variances of endogenous variables
  		y*1;
  		m*1;
  		! mediation with random parameters
  		sa | m on x;
  		sb | y on m;
  		scprime | y on x;

  		%between%
  		! exogenous: variances and means
  		 w*1;
           x*1;
  		! endogenous: residual vareiances and intercepts
  		[m*0]; m*1;
  		[y*0]; y*1;
  		! variances of random slopes/effects
  		sa*.3;
  		sb*.3;
  		scprime*.15;
  		! intercepts of random slopes
  		[sa*1]; [sb*1]; [scprime*0.2];

  		! between-level mediation effects
  		y ON m*0.4;
  		m on x*0.4;
  		y on m*0.2;
  		! cross-level interaction for sa (first stage mediation)
          w with x*.3;
  		m on w*0.2;
  		sa on w*0.5;
          m with sa*.2;




  output:
  		tech9 stdyx;



*** WARNING in MODEL command
  In the MODEL command, the x variable on the WITHIN level has been turned into a
  y variable to enable latent variable decomposition.  This variable will be treated
  as a y-variable on both levels:  X
*** WARNING in OUTPUT command
  STANDARDIZED option is not available for MONTECARLO.
  Request for STANDARDIZED is ignored.
   2 WARNING(S) FOUND IN THE INPUT INSTRUCTIONS



generated dataset for 1-1-1 multilevel mediation
with cross-level interaction

SUMMARY OF ANALYSIS

Number of groups                                                 1
Number of observations                                        1000

Number of replications
    Requested                                                    2
    Completed                                                    2
Value of seed                                                   42

Number of dependent variables                                    3
Number of independent variables                                  1
Number of continuous latent variables                            3

Observed dependent variables

  Continuous
   Y           X           M

Observed independent variables
   W

Continuous latent variables
   SA          SB          SCPRIME

Variables with special functions

  Between variables
   W


Estimator                                                    BAYES
Specifications for Bayesian Estimation
  Point estimate                                            MEDIAN
  Number of Markov chain Monte Carlo (MCMC) chains               2
  Random seed for the first chain                                0
  Starting value information                           UNPERTURBED
  Algorithm used for Markov chain Monte Carlo           GIBBS(PX1)
  Convergence criterion                                  0.500D-01
  Maximum number of iterations                               50000
  K-th iteration used for thinning                               1


SUMMARY OF DATA FOR THE FIRST REPLICATION

     Cluster information

       Size (s)    Number of clusters of Size s

         10           100





MODEL FIT INFORMATION

Number of Free Parameters                       22

Information Criteria

    Deviance (DIC)

        Mean                              9053.638
        Std Dev                             99.276
        Number of successful computations        2

             Proportions                   Percentiles
        Expected    Observed         Expected       Observed
           0.990       1.000         8822.693       8954.362
           0.980       1.000         8849.755       8954.362
           0.950       1.000         8890.339       8954.362
           0.900       1.000         8926.406       8954.362
           0.800       0.500         8970.087       8954.362
           0.700       0.500         9001.577       8954.362
           0.500       0.500         9053.638       8954.362
           0.300       0.500         9105.698       8954.362
           0.200       0.500         9137.188       8954.362
           0.100       0.000         9180.869       8954.362
           0.050       0.000         9216.936       8954.362
           0.020       0.000         9257.520       8954.362
           0.010       0.000         9284.583       8954.362

    Estimated Number of Parameters (pD)

        Mean                               431.699
        Std Dev                              3.537
        Number of successful computations        2

             Proportions                   Percentiles
        Expected    Observed         Expected       Observed
           0.990       1.000          423.470        428.162
           0.980       1.000          424.435        428.162
           0.950       1.000          425.881        428.162
           0.900       1.000          427.166        428.162
           0.800       0.500          428.722        428.162
           0.700       0.500          429.844        428.162
           0.500       0.500          431.699        428.162
           0.300       0.500          433.553        428.162
           0.200       0.500          434.675        428.162
           0.100       0.000          436.232        428.162
           0.050       0.000          437.517        428.162
           0.020       0.000          438.963        428.162
           0.010       0.000          439.927        428.162



MODEL RESULTS

                              ESTIMATES              S. E.     M. S. E.  95%  % Sig
                 Population   Average   Std. Dev.   Average             Cover Coeff

Within Level

 Variances
  X                   1.000     1.0000     0.0000     0.0000     0.0000 1.000 0.000

 Residual Variances
  Y                   1.000     1.0257     0.1527     0.0542     0.0123 0.500 1.000
  M                   1.000     0.9235     0.0238     0.0448     0.0061 1.000 1.000

Between Level

 SA         ON
  W                   0.500     0.5681     0.0095     0.0742     0.0047 1.000 1.000

 Y          ON
  M                   0.200     0.3045     0.1402     0.1322     0.0207 1.000 0.500

 M          ON
  X                   0.400     0.4199     0.0725     0.1302     0.0030 1.000 1.000
  W                   0.200     0.2487     0.3017     0.1507     0.0479 0.500 0.500

 M        WITH
  SA                  0.200     0.2862     0.0515     0.0876     0.0087 1.000 1.000

 W        WITH
  X                   0.300     0.2630     0.1582     0.1136     0.0139 1.000 0.500

 Means
  W                   0.000     3.0447     0.0132     0.0931     9.2705 0.000 1.000
  X                   0.000     1.9475     0.1000     0.1043     3.7976 0.000 1.000
  SB                  1.000     0.9975     0.0472     0.0610     0.0011 1.000 1.000
  SCPRIME             0.200     0.2957     0.1732     0.0930     0.0241 0.500 0.500

 Intercepts
  Y                   0.000     2.4620     0.5920     0.7297     6.2369 0.000 1.000
  M                   0.000     3.9358     0.7358     0.4435    15.7610 0.000 1.000
  SA                  1.000     0.6804     0.0841     0.2284     0.1057 1.000 1.000

 Variances
  W                   1.000     0.9138     0.1088     0.1417     0.0134 1.000 1.000
  X                   1.000     1.0541     0.1322     0.1734     0.0117 1.000 1.000
  SB                  0.300     0.2558     0.0098     0.0446     0.0020 1.000 1.000
  SCPRIME             0.150     0.1528     0.0412     0.0806     0.0009 1.000 1.000

 Residual Variances
  Y                   1.000     1.2197     0.0578     0.2386     0.0499 1.000 1.000
  M                   1.000     1.1269     0.1534     0.2304     0.0279 1.000 1.000
  SA                  0.300     0.2994     0.0157     0.0685     0.0001 1.000 1.000


CORRELATIONS AND MEAN SQUARE ERROR OF THE TRUE FACTOR VALUES AND THE FACTOR SCORES

                        CORRELATIONS                MEAN SQUARE ERROR
                    Average    Std. Dev.           Average    Std. Dev.
  SA                  0.906       0.024              0.308       0.042
  SB                  0.911       0.005              0.208       0.004
  SCPRIME             0.454       0.011              0.371       0.051
  Y                   0.785       0.022              0.682       0.005
  X                   0.968       0.002              0.253       0.026
  M                   0.870       0.011              0.559       0.007


TECHNICAL 1 OUTPUT


     PARAMETER SPECIFICATION FOR WITHIN


           NU
              Y             X             M
              ________      ________      ________
                    0             0             0


           LAMBDA
              Y             X             M
              ________      ________      ________
 Y                  0             0             0
 X                  0             0             0
 M                  0             0             0


           THETA
              Y             X             M
              ________      ________      ________
 Y                  0
 X                  0             0
 M                  0             0             0


           ALPHA
              Y             X             M
              ________      ________      ________
                    0             0             0


           BETA
              Y             X             M
              ________      ________      ________
 Y                  0             0             0
 X                  0             0             0
 M                  0             0             0


           PSI
              Y             X             M
              ________      ________      ________
 Y                  1
 X                  0             0
 M                  0             0             2


     PARAMETER SPECIFICATION FOR BETWEEN


           NU
              W             Y             X             M
              ________      ________      ________      ________
                    0             0             0             0


           LAMBDA
              SA            SB            SCPRIME       W             Y
              ________      ________      ________      ________      ________
 W                  0             0             0             0             0
 Y                  0             0             0             0             0
 X                  0             0             0             0             0
 M                  0             0             0             0             0


           LAMBDA
              X             M
              ________      ________
 W                  0             0
 Y                  0             0
 X                  0             0
 M                  0             0


           THETA
              W             Y             X             M
              ________      ________      ________      ________
 W                  0
 Y                  0             0
 X                  0             0             0
 M                  0             0             0             0


           ALPHA
              SA            SB            SCPRIME       W             Y
              ________      ________      ________      ________      ________
                    3             4             5             6             7


           ALPHA
              X             M
              ________      ________
                    8             9


           BETA
              SA            SB            SCPRIME       W             Y
              ________      ________      ________      ________      ________
 SA                 0             0             0            10             0
 SB                 0             0             0             0             0
 SCPRIME            0             0             0             0             0
 W                  0             0             0             0             0
 Y                  0             0             0             0             0
 X                  0             0             0             0             0
 M                  0             0             0            12             0


           BETA
              X             M
              ________      ________
 SA                 0             0
 SB                 0             0
 SCPRIME            0             0
 W                  0             0
 Y                  0            11
 X                  0             0
 M                 13             0


           PSI
              SA            SB            SCPRIME       W             Y
              ________      ________      ________      ________      ________
 SA                14
 SB                 0            15
 SCPRIME            0             0            16
 W                  0             0             0            17
 Y                  0             0             0             0            18
 X                  0             0             0            19             0
 M                 21             0             0             0             0


           PSI
              X             M
              ________      ________
 X                 20
 M                  0            22


     STARTING VALUES FOR WITHIN


           NU
              Y             X             M
              ________      ________      ________
                0.000         0.000         0.000


           LAMBDA
              Y             X             M
              ________      ________      ________
 Y              1.000         0.000         0.000
 X              0.000         1.000         0.000
 M              0.000         0.000         1.000


           THETA
              Y             X             M
              ________      ________      ________
 Y              0.000
 X              0.000         0.000
 M              0.000         0.000         0.000


           ALPHA
              Y             X             M
              ________      ________      ________
                0.000         0.000         0.000


           BETA
              Y             X             M
              ________      ________      ________
 Y              0.000         0.000         0.000
 X              0.000         0.000         0.000
 M              0.000         0.000         0.000


           PSI
              Y             X             M
              ________      ________      ________
 Y              1.000
 X              0.000         1.000
 M              0.000         0.000         1.000


     STARTING VALUES FOR BETWEEN


           NU
              W             Y             X             M
              ________      ________      ________      ________
                0.000         0.000         0.000         0.000


           LAMBDA
              SA            SB            SCPRIME       W             Y
              ________      ________      ________      ________      ________
 W              0.000         0.000         0.000         1.000         0.000
 Y              0.000         0.000         0.000         0.000         1.000
 X              0.000         0.000         0.000         0.000         0.000
 M              0.000         0.000         0.000         0.000         0.000


           LAMBDA
              X             M
              ________      ________
 W              0.000         0.000
 Y              0.000         0.000
 X              1.000         0.000
 M              0.000         1.000


           THETA
              W             Y             X             M
              ________      ________      ________      ________
 W              0.000
 Y              0.000         0.000
 X              0.000         0.000         0.000
 M              0.000         0.000         0.000         0.000


           ALPHA
              SA            SB            SCPRIME       W             Y
              ________      ________      ________      ________      ________
                1.000         1.000         0.200         0.000         0.000


           ALPHA
              X             M
              ________      ________
                0.000         0.000


           BETA
              SA            SB            SCPRIME       W             Y
              ________      ________      ________      ________      ________
 SA             0.000         0.000         0.000         0.500         0.000
 SB             0.000         0.000         0.000         0.000         0.000
 SCPRIME        0.000         0.000         0.000         0.000         0.000
 W              0.000         0.000         0.000         0.000         0.000
 Y              0.000         0.000         0.000         0.000         0.000
 X              0.000         0.000         0.000         0.000         0.000
 M              0.000         0.000         0.000         0.200         0.000


           BETA
              X             M
              ________      ________
 SA             0.000         0.000
 SB             0.000         0.000
 SCPRIME        0.000         0.000
 W              0.000         0.000
 Y              0.000         0.200
 X              0.000         0.000
 M              0.400         0.000


           PSI
              SA            SB            SCPRIME       W             Y
              ________      ________      ________      ________      ________
 SA             0.300
 SB             0.000         0.300
 SCPRIME        0.000         0.000         0.150
 W              0.000         0.000         0.000         1.000
 Y              0.000         0.000         0.000         0.000         1.000
 X              0.000         0.000         0.000         0.300         0.000
 M              0.200         0.000         0.000         0.000         0.000


           PSI
              X             M
              ________      ________
 X              1.000
 M              0.000         1.000


     POPULATION VALUES FOR WITHIN


           NU
              Y             X             M
              ________      ________      ________
                0.000         0.000         0.000


           LAMBDA
              Y             X             M
              ________      ________      ________
 Y              1.000         0.000         0.000
 X              0.000         1.000         0.000
 M              0.000         0.000         1.000


           THETA
              Y             X             M
              ________      ________      ________
 Y              0.000
 X              0.000         0.000
 M              0.000         0.000         0.000


           ALPHA
              Y             X             M
              ________      ________      ________
                0.000         0.000         0.000


           BETA
              Y             X             M
              ________      ________      ________
 Y              0.000         0.000         0.000
 X              0.000         0.000         0.000
 M              0.000         0.000         0.000


           PSI
              Y             X             M
              ________      ________      ________
 Y              1.000
 X              0.000         1.000
 M              0.000         0.000         1.000


     POPULATION VALUES FOR BETWEEN


           NU
              W             Y             X             M
              ________      ________      ________      ________
                0.000         0.000         0.000         0.000


           LAMBDA
              SA            SB            SCPRIME       W             Y
              ________      ________      ________      ________      ________
 W              0.000         0.000         0.000         1.000         0.000
 Y              0.000         0.000         0.000         0.000         1.000
 X              0.000         0.000         0.000         0.000         0.000
 M              0.000         0.000         0.000         0.000         0.000


           LAMBDA
              X             M
              ________      ________
 W              0.000         0.000
 Y              0.000         0.000
 X              1.000         0.000
 M              0.000         1.000


           THETA
              W             Y             X             M
              ________      ________      ________      ________
 W              0.000
 Y              0.000         0.000
 X              0.000         0.000         0.000
 M              0.000         0.000         0.000         0.000


           ALPHA
              SA            SB            SCPRIME       W             Y
              ________      ________      ________      ________      ________
                1.000         1.000         0.200         3.000         3.000


           ALPHA
              X             M
              ________      ________
                2.000         4.000


           BETA
              SA            SB            SCPRIME       W             Y
              ________      ________      ________      ________      ________
 SA             0.000         0.000         0.000         0.500         0.000
 SB             0.000         0.000         0.000         0.000         0.000
 SCPRIME        0.000         0.000         0.000         0.000         0.000
 W              0.000         0.000         0.000         0.000         0.000
 Y              0.000         0.000         0.000         0.000         0.000
 X              0.000         0.000         0.000         0.000         0.000
 M              0.000         0.000         0.000         0.200         0.000


           BETA
              X             M
              ________      ________
 SA             0.000         0.000
 SB             0.000         0.000
 SCPRIME        0.000         0.000
 W              0.000         0.000
 Y              0.000         0.200
 X              0.000         0.000
 M              0.400         0.000


           PSI
              SA            SB            SCPRIME       W             Y
              ________      ________      ________      ________      ________
 SA             0.300
 SB             0.000         0.300
 SCPRIME        0.000         0.000         0.150
 W              0.000         0.000         0.000         1.000
 Y              0.000         0.000         0.000         0.000         1.000
 X              0.000         0.000         0.000         0.300         0.000
 M              0.200         0.000         0.000         0.000         0.000


           PSI
              X             M
              ________      ________
 X              1.000
 M              0.000         1.000



     PRIORS FOR ALL PARAMETERS            PRIOR MEAN      PRIOR VARIANCE     PRIOR STD. DEV.

     Parameter 1~IG(-1.000,0.000)          infinity            infinity            infinity
     Parameter 2~IG(-1.000,0.000)          infinity            infinity            infinity
     Parameter 3~N(0.000,infinity)           0.0000            infinity            infinity
     Parameter 4~N(0.000,infinity)           0.0000            infinity            infinity
     Parameter 5~N(0.000,infinity)           0.0000            infinity            infinity
     Parameter 6~N(0.000,infinity)           0.0000            infinity            infinity
     Parameter 7~N(0.000,infinity)           0.0000            infinity            infinity
     Parameter 8~N(0.000,infinity)           0.0000            infinity            infinity
     Parameter 9~N(0.000,infinity)           0.0000            infinity            infinity
     Parameter 10~N(0.000,infinity)          0.0000            infinity            infinity
     Parameter 11~N(0.000,infinity)          0.0000            infinity            infinity
     Parameter 12~N(0.000,infinity)          0.0000            infinity            infinity
     Parameter 13~N(0.000,infinity)          0.0000            infinity            infinity
     Parameter 14~IW(0.000,-3)             infinity            infinity            infinity
     Parameter 15~IG(-1.000,0.000)         infinity            infinity            infinity
     Parameter 16~IG(-1.000,0.000)         infinity            infinity            infinity
     Parameter 17~IW(0.000,-3)             infinity            infinity            infinity
     Parameter 18~IG(-1.000,0.000)         infinity            infinity            infinity
     Parameter 19~IW(0.000,-3)             infinity            infinity            infinity
     Parameter 20~IW(0.000,-3)             infinity            infinity            infinity
     Parameter 21~IW(0.000,-3)             infinity            infinity            infinity
     Parameter 22~IW(0.000,-3)             infinity            infinity            infinity


TECHNICAL 9 OUTPUT

  Error messages for each replication (if any)



SAVEDATA INFORMATION

  Order of variables

    W
    Y
    X
    M
    CLUSTER

  Save file
    example1rep*.dat

  Save file format           Free
  Save file record length    10000


     Beginning Time:  15:49:32
        Ending Time:  15:49:33
       Elapsed Time:  00:00:01



MUTHEN & MUTHEN
3463 Stoner Ave.
Los Angeles, CA  90066

Tel: (310) 391-9971
Fax: (310) 391-8971
Web: www.StatModel.com
Support: Support@StatModel.com

Copyright (c) 1998-2020 Muthen & Muthen
