Mplus VERSION 8.5
MUTHEN & MUTHEN
01/14/2025  11:32 AM

INPUT INSTRUCTIONS

  TITLE:	 generated dataset for 1-1-1 multilevel mediation
  	with cross-level interaction, no random cov. structure

  montecarlo:
  		names are y x w;
  		nobservations = 1000;
  		ncsizes = 1;
  		csizes = 100 (10);
  		seed = 42;
  		nreps = 2;
  !		within = x;
  		between = w;
  		REPSAVE = ALL; SAVE = example_cli*.dat;
  		PATMISS = y (.2) | y (.5) | y (.1)';
  		PATPROBS = .5 | .2 | .3;

  ANALYSIS:  TYPE = TWOLEVEL RANDOM;
  ESTIMATOR = BAYES; FBITER = 800;

  model population:
  		%within%
  		! variances of exogenous variables
  		x@0.5;
  		! (residual) variances of endogenous variables
  		y*0.5;
  		! mediation with random parameters
  		sc | y on x;

  		%between%
  		! exogenous: variances and means
          [x@2]; x*1;
  		! endogenous: residual vareiances and intercepts
  		[y*3]; y*0.4;
  		! variances of random slopes/effects
  		sc*.15;
  		! intercepts of random slopes
  		[sc*0.2] (mc);


  		! between-level effects
  		y on x*0.25;
  		
  		! cross-level interaction for sa (first stage mediation)
          [w*3]; w*0.5;
  		w with x*.-3;
  		y on w*0.2;
  		sc on w*0.01; ! non significant version
          y with sc*.2;

  model:
  		%within%
  		! variances of exogenous variables
  		x@0.5;
  		! (residual) variances of endogenous variables
  		y*0.5;
  		! mediation with random parameters
  		sc | y on x;

  		%between%
  		! exogenous: variances and means
          [x@2]; x*1;
  		! endogenous: residual vareiances and intercepts
  		[y*3]; y*0.4;
  		! variances of random slopes/effects
  		sc*.15;
  		! intercepts of random slopes
  		[sc*0.2] (mc);


  		! between-level effects
  		y on x*0.25;
  		
  		! cross-level interaction for sa (first stage mediation)
          [w*3]; w*0.5;
  		w with x*.-3;
  		y on w*0.2;
  		sc on w*0.01; ! non significant version
          y with sc*.2;

  output:
  		tech9;



*** WARNING in MODEL command
  In the MODEL command, the x variable on the WITHIN level has been turned into a
  y variable to enable latent variable decomposition.  This variable will be treated
  as a y-variable on both levels:  X
   1 WARNING(S) FOUND IN THE INPUT INSTRUCTIONS



generated dataset for 1-1-1 multilevel mediation
with cross-level interaction, no random cov. structure

SUMMARY OF ANALYSIS

Number of groups                                                 1
Number of observations                                        1000

Number of replications
    Requested                                                    2
    Completed                                                    2
Value of seed                                                   42

Number of dependent variables                                    2
Number of independent variables                                  1
Number of continuous latent variables                            1

Observed dependent variables

  Continuous
   Y           X

Observed independent variables
   W

Continuous latent variables
   SC

Variables with special functions

  Between variables
   W


Estimator                                                    BAYES
Specifications for Bayesian Estimation
  Point estimate                                            MEDIAN
  Number of Markov chain Monte Carlo (MCMC) chains               2
  Random seed for the first chain                                0
  Starting value information                           UNPERTURBED
  Algorithm used for Markov chain Monte Carlo           GIBBS(PX1)
  Fixed number of iterations                                   800
  K-th iteration used for thinning                               1


SUMMARY OF DATA FOR THE FIRST REPLICATION

     Cluster information

       Size (s)    Number of clusters of Size s

         10           100


SUMMARY OF MISSING DATA PATTERNS FOR THE FIRST REPLICATION

     Number of missing data patterns             2


     MISSING DATA PATTERNS (x = not missing)

           1  2
 W         x  x
 Y         x
 X         x  x


     MISSING DATA PATTERN FREQUENCIES

    Pattern   Frequency     Pattern   Frequency
          1         783           2         217


COVARIANCE COVERAGE OF DATA FOR THE FIRST REPLICATION

Minimum covariance coverage value   0.100


     PROPORTION OF DATA PRESENT


           Covariance Coverage
              W             Y             X
              ________      ________      ________
 W              1.000
 Y              0.783         0.783
 X              1.000         0.783         1.000





MODEL FIT INFORMATION

Number of Free Parameters                       13

Information Criteria

    Deviance (DIC)

        Mean                              4198.265
        Std Dev                             15.566
        Number of successful computations        2

             Proportions                   Percentiles
        Expected    Observed         Expected       Observed
           0.990       1.000         4162.054       4182.699
           0.980       1.000         4166.298       4182.699
           0.950       1.000         4172.661       4182.699
           0.900       1.000         4178.316       4182.699
           0.800       0.500         4185.165       4182.699
           0.700       0.500         4190.102       4182.699
           0.500       0.500         4198.265       4182.699
           0.300       0.500         4206.428       4182.699
           0.200       0.500         4211.365       4182.699
           0.100       0.000         4218.214       4182.699
           0.050       0.000         4223.869       4182.699
           0.020       0.000         4230.232       4182.699
           0.010       0.000         4234.476       4182.699

    Estimated Number of Parameters (pD)

        Mean                               217.294
        Std Dev                              2.425
        Number of successful computations        2

             Proportions                   Percentiles
        Expected    Observed         Expected       Observed
           0.990       1.000          211.652        214.869
           0.980       1.000          212.313        214.869
           0.950       1.000          213.305        214.869
           0.900       1.000          214.186        214.869
           0.800       0.500          215.253        214.869
           0.700       0.500          216.022        214.869
           0.500       0.500          217.294        214.869
           0.300       0.500          218.566        214.869
           0.200       0.500          219.335        214.869
           0.100       0.000          220.402        214.869
           0.050       0.000          221.283        214.869
           0.020       0.000          222.275        214.869
           0.010       0.000          222.936        214.869



MODEL RESULTS

                              ESTIMATES              S. E.     M. S. E.  95%  % Sig
                 Population   Average   Std. Dev.   Average             Cover Coeff

Within Level

 Variances
  X                   0.500     0.5000     0.0000     0.0000     0.0000 1.000 0.000

 Residual Variances
  Y                   0.500     0.4819     0.0250     0.0271     0.0006 1.000 1.000

Between Level

 SC         ON
  W                   0.010     0.0170     0.0380     0.0807     0.0008 1.000 0.000

 Y          ON
  X                   0.250     0.2016     0.0650     0.0696     0.0045 1.000 1.000
  W                   0.200     0.2688     0.0054     0.0992     0.0048 1.000 1.000

 Y        WITH
  SC                  0.200     0.1637     0.0307     0.0437     0.0018 1.000 1.000

 W        WITH
  X                   0.000    -0.0202     0.0055     0.0699     0.0004 1.000 0.000

 Means
  W                   3.000     2.9661     0.0703     0.0722     0.0036 1.000 1.000
  X                   2.000     2.0000     0.0000     0.0000     0.0000 1.000 0.000

 Intercepts
  Y                   3.000     2.9788     0.0339     0.3305     0.0010 1.000 1.000
  SC                  0.200     0.2588     0.1361     0.2433     0.0127 1.000 0.000

 Variances
  W                   0.500     0.5058     0.1156     0.0731     0.0067 1.000 1.000
  X                   1.000     0.8800     0.1515     0.1392     0.0259 1.000 1.000

 Residual Variances
  Y                   0.400     0.3925     0.0261     0.0722     0.0004 1.000 1.000
  SC                  0.150     0.1371     0.0011     0.0399     0.0002 1.000 1.000


CORRELATIONS AND MEAN SQUARE ERROR OF THE TRUE FACTOR VALUES AND THE FACTOR SCORES

                        CORRELATIONS                MEAN SQUARE ERROR
                    Average    Std. Dev.           Average    Std. Dev.
  SC                  0.782       0.053              0.222       0.003
  Y                   0.918       0.030              0.256       0.032
  X                   0.974       0.001              0.217       0.014


TECHNICAL 1 OUTPUT


     PARAMETER SPECIFICATION FOR WITHIN


           NU
              Y             X
              ________      ________
                    0             0


           LAMBDA
              Y             X
              ________      ________
 Y                  0             0
 X                  0             0


           THETA
              Y             X
              ________      ________
 Y                  0
 X                  0             0


           ALPHA
              Y             X
              ________      ________
                    0             0


           BETA
              Y             X
              ________      ________
 Y                  0             0
 X                  0             0


           PSI
              Y             X
              ________      ________
 Y                  1
 X                  0             0


     PARAMETER SPECIFICATION FOR BETWEEN


           NU
              W             Y             X
              ________      ________      ________
                    0             0             0


           LAMBDA
              SC            W             Y             X
              ________      ________      ________      ________
 W                  0             0             0             0
 Y                  0             0             0             0
 X                  0             0             0             0


           THETA
              W             Y             X
              ________      ________      ________
 W                  0
 Y                  0             0
 X                  0             0             0


           ALPHA
              SC            W             Y             X
              ________      ________      ________      ________
                    2             3             4             0


           BETA
              SC            W             Y             X
              ________      ________      ________      ________
 SC                 0             5             0             0
 W                  0             0             0             0
 Y                  0             6             0             7
 X                  0             0             0             0


           PSI
              SC            W             Y             X
              ________      ________      ________      ________
 SC                 8
 W                  0             9
 Y                 10             0            11
 X                  0            12             0            13


     STARTING VALUES FOR WITHIN


           NU
              Y             X
              ________      ________
                0.000         0.000


           LAMBDA
              Y             X
              ________      ________
 Y              1.000         0.000
 X              0.000         1.000


           THETA
              Y             X
              ________      ________
 Y              0.000
 X              0.000         0.000


           ALPHA
              Y             X
              ________      ________
                0.000         0.000


           BETA
              Y             X
              ________      ________
 Y              0.000         0.000
 X              0.000         0.000


           PSI
              Y             X
              ________      ________
 Y              0.500
 X              0.000         0.500


     STARTING VALUES FOR BETWEEN


           NU
              W             Y             X
              ________      ________      ________
                0.000         0.000         0.000


           LAMBDA
              SC            W             Y             X
              ________      ________      ________      ________
 W              0.000         1.000         0.000         0.000
 Y              0.000         0.000         1.000         0.000
 X              0.000         0.000         0.000         1.000


           THETA
              W             Y             X
              ________      ________      ________
 W              0.000
 Y              0.000         0.000
 X              0.000         0.000         0.000


           ALPHA
              SC            W             Y             X
              ________      ________      ________      ________
                0.200         3.000         3.000         2.000


           BETA
              SC            W             Y             X
              ________      ________      ________      ________
 SC             0.000         0.010         0.000         0.000
 W              0.000         0.000         0.000         0.000
 Y              0.000         0.200         0.000         0.250
 X              0.000         0.000         0.000         0.000


           PSI
              SC            W             Y             X
              ________      ________      ________      ________
 SC             0.150
 W              0.000         0.500
 Y              0.200         0.000         0.400
 X              0.000         0.000         0.000         1.000


     POPULATION VALUES FOR WITHIN


           NU
              Y             X
              ________      ________
                0.000         0.000


           LAMBDA
              Y             X
              ________      ________
 Y              1.000         0.000
 X              0.000         1.000


           THETA
              Y             X
              ________      ________
 Y              0.000
 X              0.000         0.000


           ALPHA
              Y             X
              ________      ________
                0.000         0.000


           BETA
              Y             X
              ________      ________
 Y              0.000         0.000
 X              0.000         0.000


           PSI
              Y             X
              ________      ________
 Y              0.500
 X              0.000         0.500


     POPULATION VALUES FOR BETWEEN


           NU
              W             Y             X
              ________      ________      ________
                0.000         0.000         0.000


           LAMBDA
              SC            W             Y             X
              ________      ________      ________      ________
 W              0.000         1.000         0.000         0.000
 Y              0.000         0.000         1.000         0.000
 X              0.000         0.000         0.000         1.000


           THETA
              W             Y             X
              ________      ________      ________
 W              0.000
 Y              0.000         0.000
 X              0.000         0.000         0.000


           ALPHA
              SC            W             Y             X
              ________      ________      ________      ________
                0.200         3.000         3.000         2.000


           BETA
              SC            W             Y             X
              ________      ________      ________      ________
 SC             0.000         0.010         0.000         0.000
 W              0.000         0.000         0.000         0.000
 Y              0.000         0.200         0.000         0.250
 X              0.000         0.000         0.000         0.000


           PSI
              SC            W             Y             X
              ________      ________      ________      ________
 SC             0.150
 W              0.000         0.500
 Y              0.200         0.000         0.400
 X              0.000         0.000         0.000         1.000



     PRIORS FOR ALL PARAMETERS            PRIOR MEAN      PRIOR VARIANCE     PRIOR STD. DEV.

     Parameter 1~IG(-1.000,0.000)          infinity            infinity            infinity
     Parameter 2~N(0.000,infinity)           0.0000            infinity            infinity
     Parameter 3~N(0.000,infinity)           0.0000            infinity            infinity
     Parameter 4~N(0.000,infinity)           0.0000            infinity            infinity
     Parameter 5~N(0.000,infinity)           0.0000            infinity            infinity
     Parameter 6~N(0.000,infinity)           0.0000            infinity            infinity
     Parameter 7~N(0.000,infinity)           0.0000            infinity            infinity
     Parameter 8~IW(0.000,-3)              infinity            infinity            infinity
     Parameter 9~IW(0.000,-3)              infinity            infinity            infinity
     Parameter 10~IW(0.000,-3)             infinity            infinity            infinity
     Parameter 11~IW(0.000,-3)             infinity            infinity            infinity
     Parameter 12~IW(0.000,-3)             infinity            infinity            infinity
     Parameter 13~IW(0.000,-3)             infinity            infinity            infinity


TECHNICAL 9 OUTPUT

  Error messages for each replication (if any)



SAVEDATA INFORMATION

  Order of variables

    W
    Y
    X
    PATTERN
    CLUSTER

  Save file
    example_cli*.dat

  Save file format           Free
  Save file record length    10000
  Missing designated by 999


     Beginning Time:  11:32:01
        Ending Time:  11:32:03
       Elapsed Time:  00:00:02



MUTHEN & MUTHEN
3463 Stoner Ave.
Los Angeles, CA  90066

Tel: (310) 391-9971
Fax: (310) 391-8971
Web: www.StatModel.com
Support: Support@StatModel.com

Copyright (c) 1998-2020 Muthen & Muthen
