Mplus VERSION 8.5
MUTHEN & MUTHEN
01/14/2025  11:26 AM

INPUT INSTRUCTIONS

  TITLE:	 generated dataset for 1-1-1 multilevel mediation
  	with cross-level interaction, no random cov. structure

  montecarlo:
  		names are y x m w;
  		nobservations = 1000;
  		ncsizes = 1;
  		csizes = 100 (10);
  		seed = 42;
  		nreps = 2;
  !		within = x;
  		between = w;
  		REPSAVE = ALL; SAVE = example1crep*.dat;

  ANALYSIS:  TYPE = TWOLEVEL RANDOM;
  ESTIMATOR = BAYES; !FBITER = 800;

  model population:
  		%within%
  		! variances of exogenous variables
  		x@0.5;
  		! (residual) variances of endogenous variables
  		y*0.3;
  		m*0.3;
  		! mediation with random parameters
  		sa | m on x;
  		sb | y on m;
  		scprime | y on x;

  		%between%
  		! exogenous: variances and means
          [x@2]; x*1;
  		! endogenous: residual vareiances and intercepts
  		[m*4]; m*0.4;
  		[y*3]; y*0.4;
  		! variances of random slopes/effects
  		sa*.3;
  		sb*.3;
  		scprime*.15;
  		! intercepts of random slopes
  		[sa*0.5] (ma);
  		[sb*0.5] (mb);
  		[scprime*0.2] (mc);


  		! between-level mediation effects
  		y ON m*0.4;
  		m on x*0.4;
  		y on x*0.2;
  		
  		! cross-level interaction for sa (first stage mediation)
          [w*3]; w*0.5;
  		w with x*.3;
  		m on w*0.2;
  		sa on w*0.5;
          m with sa*.2;


  		
  model:
  		%within%
  		! variances of exogenous variables
  		x@0.5;
  		! (residual) variances of endogenous variables
  		y*0.3;
  		m*0.3;
  		! mediation with random parameters
  		sa | m on x;
  		sb | y on m;
  		scprime | y on x;

  		%between%
  		! exogenous: variances and means
          [x@2]; x*0.5;
  		! endogenous: residual vareiances and intercepts
  		[m*4]; m*0.4;
  		[y*3]; y*0.4;
  		! variances of random slopes/effects
  		sa*.3;
  		sb*.3;
  		scprime*.15;
  		! intercepts of random slopes
  		[sa*0.5] (ma);
  		[sb*0.5] (mb);
  		[scprime*0.2] (mc);

  		! between-level mediation effects
  		y ON m*0.4;
  		m on x*0.4;
  		y on x*0.2;

  		! cross-level interaction for sa (first stage mediation)
          [w*3]; w*0.5;
  		w with x*.3;
  		m on w*0.2;
  		sa on w*0.5;
          m with sa*.2;

  MODEL CONSTRAINT:
  	NEW(indi*0.3);
  	indi = ma*mb;

  output:
  		tech9;



*** WARNING in MODEL command
  In the MODEL command, the x variable on the WITHIN level has been turned into a
  y variable to enable latent variable decomposition.  This variable will be treated
  as a y-variable on both levels:  X
   1 WARNING(S) FOUND IN THE INPUT INSTRUCTIONS



generated dataset for 1-1-1 multilevel mediation
with cross-level interaction, no random cov. structure

SUMMARY OF ANALYSIS

Number of groups                                                 1
Number of observations                                        1000

Number of replications
    Requested                                                    2
    Completed                                                    2
Value of seed                                                   42

Number of dependent variables                                    3
Number of independent variables                                  1
Number of continuous latent variables                            3

Observed dependent variables

  Continuous
   Y           X           M

Observed independent variables
   W

Continuous latent variables
   SA          SB          SCPRIME

Variables with special functions

  Between variables
   W


Estimator                                                    BAYES
Specifications for Bayesian Estimation
  Point estimate                                            MEDIAN
  Number of Markov chain Monte Carlo (MCMC) chains               2
  Random seed for the first chain                                0
  Starting value information                           UNPERTURBED
  Algorithm used for Markov chain Monte Carlo           GIBBS(PX1)
  Convergence criterion                                  0.500D-01
  Maximum number of iterations                               50000
  K-th iteration used for thinning                               1


SUMMARY OF DATA FOR THE FIRST REPLICATION

     Cluster information

       Size (s)    Number of clusters of Size s

         10           100





MODEL FIT INFORMATION

Number of Free Parameters                       22

Information Criteria

    Deviance (DIC)

        Mean                              5911.122
        Std Dev                            106.427
        Number of successful computations        2

             Proportions                   Percentiles
        Expected    Observed         Expected       Observed
           0.990       1.000         5663.541       5804.695
           0.980       1.000         5692.553       5804.695
           0.950       1.000         5736.060       5804.695
           0.900       1.000         5774.725       5804.695
           0.800       0.500         5821.553       5804.695
           0.700       0.500         5855.312       5804.695
           0.500       0.500         5911.122       5804.695
           0.300       0.500         5966.933       5804.695
           0.200       0.500         6000.692       5804.695
           0.100       0.000         6047.520       5804.695
           0.050       0.000         6086.185       5804.695
           0.020       0.000         6129.692       5804.695
           0.010       0.000         6158.704       5804.695

    Estimated Number of Parameters (pD)

        Mean                               441.517
        Std Dev                              5.821
        Number of successful computations        2

             Proportions                   Percentiles
        Expected    Observed         Expected       Observed
           0.990       1.000          427.976        435.696
           0.980       1.000          429.563        435.696
           0.950       1.000          431.943        435.696
           0.900       1.000          434.057        435.696
           0.800       0.500          436.618        435.696
           0.700       0.500          438.464        435.696
           0.500       0.500          441.517        435.696
           0.300       0.500          444.569        435.696
           0.200       0.500          446.415        435.696
           0.100       0.000          448.976        435.696
           0.050       0.000          451.091        435.696
           0.020       0.000          453.471        435.696
           0.010       0.000          455.057        435.696



MODEL RESULTS

                              ESTIMATES              S. E.     M. S. E.  95%  % Sig
                 Population   Average   Std. Dev.   Average             Cover Coeff

Within Level

 Variances
  X                   0.500     0.5000     0.0000     0.0000     0.0000 1.000 0.000

 Residual Variances
  Y                   0.300     0.3050     0.0485     0.0154     0.0012 0.000 1.000
  M                   0.300     0.2766     0.0069     0.0130     0.0006 0.500 1.000

Between Level

 SA         ON
  W                   0.500     0.5720     0.0073     0.0923     0.0052 1.000 1.000

 Y          ON
  M                   0.400     0.5068     0.0037     0.1189     0.0114 1.000 1.000
  X                   0.200     0.1337     0.0450     0.0992     0.0054 1.000 0.000

 M          ON
  X                   0.400     0.3906     0.0693     0.0855     0.0025 1.000 1.000
  W                   0.200     0.2882     0.1358     0.1297     0.0170 1.000 0.500

 M        WITH
  SA                  0.200     0.2327     0.0614     0.0544     0.0030 1.000 1.000

 W        WITH
  X                   0.300     0.2555     0.1165     0.0757     0.0088 1.000 1.000

 Means
  W                   3.000     3.0299     0.0119     0.0613     0.0010 1.000 1.000
  X                   2.000     2.0000     0.0000     0.0000     0.0000 1.000 0.000
  SB                  0.500     0.4891     0.0344     0.0624     0.0007 1.000 1.000
  SCPRIME             0.200     0.2749     0.1342     0.0789     0.0146 0.500 0.500

 Intercepts
  Y                   3.000     2.5474     0.0458     0.5679     0.2059 1.000 1.000
  M                   4.000     3.8131     0.5215     0.3782     0.1709 1.000 1.000
  SA                  0.500     0.1838     0.0165     0.2782     0.1001 1.000 0.000

 Variances
  W                   0.500     0.4525     0.0577     0.0694     0.0039 1.000 1.000
  X                   0.500     0.9529     0.1091     0.1550     0.2110 0.000 1.000
  SB                  0.300     0.2633     0.0009     0.0465     0.0013 1.000 1.000
  SCPRIME             0.150     0.1659     0.0236     0.0651     0.0005 1.000 1.000

 Residual Variances
  Y                   0.400     0.4759     0.1061     0.0784     0.0114 1.000 1.000
  M                   0.400     0.4693     0.0480     0.0906     0.0060 1.000 1.000
  SA                  0.300     0.2901     0.0094     0.0593     0.0001 1.000 1.000

New/Additional Parameters
  INDI                0.300     0.0970     0.0051     0.1389     0.0412 1.000 0.000


CORRELATIONS AND MEAN SQUARE ERROR OF THE TRUE FACTOR VALUES AND THE FACTOR SCORES

                        CORRELATIONS                MEAN SQUARE ERROR
                    Average    Std. Dev.           Average    Std. Dev.
  SA                  0.917       0.017              0.257       0.034
  SB                  0.898       0.003              0.221       0.005
  SCPRIME             0.542       0.024              0.342       0.042
  Y                   0.920       0.018              0.325       0.002
  X                   0.979       0.002              0.197       0.022
  M                   0.900       0.004              0.357       0.001


TECHNICAL 1 OUTPUT


     PARAMETER SPECIFICATION FOR WITHIN


           NU
              Y             X             M
              ________      ________      ________
                    0             0             0


           LAMBDA
              Y             X             M
              ________      ________      ________
 Y                  0             0             0
 X                  0             0             0
 M                  0             0             0


           THETA
              Y             X             M
              ________      ________      ________
 Y                  0
 X                  0             0
 M                  0             0             0


           ALPHA
              Y             X             M
              ________      ________      ________
                    0             0             0


           BETA
              Y             X             M
              ________      ________      ________
 Y                  0             0             0
 X                  0             0             0
 M                  0             0             0


           PSI
              Y             X             M
              ________      ________      ________
 Y                  1
 X                  0             0
 M                  0             0             2


     PARAMETER SPECIFICATION FOR BETWEEN


           NU
              W             Y             X             M
              ________      ________      ________      ________
                    0             0             0             0


           LAMBDA
              SA            SB            SCPRIME       W             Y
              ________      ________      ________      ________      ________
 W                  0             0             0             0             0
 Y                  0             0             0             0             0
 X                  0             0             0             0             0
 M                  0             0             0             0             0


           LAMBDA
              X             M
              ________      ________
 W                  0             0
 Y                  0             0
 X                  0             0
 M                  0             0


           THETA
              W             Y             X             M
              ________      ________      ________      ________
 W                  0
 Y                  0             0
 X                  0             0             0
 M                  0             0             0             0


           ALPHA
              SA            SB            SCPRIME       W             Y
              ________      ________      ________      ________      ________
                    3             4             5             6             7


           ALPHA
              X             M
              ________      ________
                    0             8


           BETA
              SA            SB            SCPRIME       W             Y
              ________      ________      ________      ________      ________
 SA                 0             0             0             9             0
 SB                 0             0             0             0             0
 SCPRIME            0             0             0             0             0
 W                  0             0             0             0             0
 Y                  0             0             0             0             0
 X                  0             0             0             0             0
 M                  0             0             0            12             0


           BETA
              X             M
              ________      ________
 SA                 0             0
 SB                 0             0
 SCPRIME            0             0
 W                  0             0
 Y                 10            11
 X                  0             0
 M                 13             0


           PSI
              SA            SB            SCPRIME       W             Y
              ________      ________      ________      ________      ________
 SA                14
 SB                 0            15
 SCPRIME            0             0            16
 W                  0             0             0            17
 Y                  0             0             0             0            18
 X                  0             0             0            19             0
 M                 21             0             0             0             0


           PSI
              X             M
              ________      ________
 X                 20
 M                  0            22


     PARAMETER SPECIFICATION FOR THE ADDITIONAL PARAMETERS


           NEW/ADDITIONAL PARAMETERS
              INDI
              ________
                   23


     STARTING VALUES FOR WITHIN


           NU
              Y             X             M
              ________      ________      ________
                0.000         0.000         0.000


           LAMBDA
              Y             X             M
              ________      ________      ________
 Y              1.000         0.000         0.000
 X              0.000         1.000         0.000
 M              0.000         0.000         1.000


           THETA
              Y             X             M
              ________      ________      ________
 Y              0.000
 X              0.000         0.000
 M              0.000         0.000         0.000


           ALPHA
              Y             X             M
              ________      ________      ________
                0.000         0.000         0.000


           BETA
              Y             X             M
              ________      ________      ________
 Y              0.000         0.000         0.000
 X              0.000         0.000         0.000
 M              0.000         0.000         0.000


           PSI
              Y             X             M
              ________      ________      ________
 Y              0.300
 X              0.000         0.500
 M              0.000         0.000         0.300


     STARTING VALUES FOR BETWEEN


           NU
              W             Y             X             M
              ________      ________      ________      ________
                0.000         0.000         0.000         0.000


           LAMBDA
              SA            SB            SCPRIME       W             Y
              ________      ________      ________      ________      ________
 W              0.000         0.000         0.000         1.000         0.000
 Y              0.000         0.000         0.000         0.000         1.000
 X              0.000         0.000         0.000         0.000         0.000
 M              0.000         0.000         0.000         0.000         0.000


           LAMBDA
              X             M
              ________      ________
 W              0.000         0.000
 Y              0.000         0.000
 X              1.000         0.000
 M              0.000         1.000


           THETA
              W             Y             X             M
              ________      ________      ________      ________
 W              0.000
 Y              0.000         0.000
 X              0.000         0.000         0.000
 M              0.000         0.000         0.000         0.000


           ALPHA
              SA            SB            SCPRIME       W             Y
              ________      ________      ________      ________      ________
                0.500         0.500         0.200         3.000         3.000


           ALPHA
              X             M
              ________      ________
                2.000         4.000


           BETA
              SA            SB            SCPRIME       W             Y
              ________      ________      ________      ________      ________
 SA             0.000         0.000         0.000         0.500         0.000
 SB             0.000         0.000         0.000         0.000         0.000
 SCPRIME        0.000         0.000         0.000         0.000         0.000
 W              0.000         0.000         0.000         0.000         0.000
 Y              0.000         0.000         0.000         0.000         0.000
 X              0.000         0.000         0.000         0.000         0.000
 M              0.000         0.000         0.000         0.200         0.000


           BETA
              X             M
              ________      ________
 SA             0.000         0.000
 SB             0.000         0.000
 SCPRIME        0.000         0.000
 W              0.000         0.000
 Y              0.200         0.400
 X              0.000         0.000
 M              0.400         0.000


           PSI
              SA            SB            SCPRIME       W             Y
              ________      ________      ________      ________      ________
 SA             0.300
 SB             0.000         0.300
 SCPRIME        0.000         0.000         0.150
 W              0.000         0.000         0.000         0.500
 Y              0.000         0.000         0.000         0.000         0.400
 X              0.000         0.000         0.000         0.300         0.000
 M              0.200         0.000         0.000         0.000         0.000


           PSI
              X             M
              ________      ________
 X              0.500
 M              0.000         0.400


     STARTING VALUES FOR THE ADDITIONAL PARAMETERS


           NEW/ADDITIONAL PARAMETERS
              INDI
              ________
                0.300


     POPULATION VALUES FOR WITHIN


           NU
              Y             X             M
              ________      ________      ________
                0.000         0.000         0.000


           LAMBDA
              Y             X             M
              ________      ________      ________
 Y              1.000         0.000         0.000
 X              0.000         1.000         0.000
 M              0.000         0.000         1.000


           THETA
              Y             X             M
              ________      ________      ________
 Y              0.000
 X              0.000         0.000
 M              0.000         0.000         0.000


           ALPHA
              Y             X             M
              ________      ________      ________
                0.000         0.000         0.000


           BETA
              Y             X             M
              ________      ________      ________
 Y              0.000         0.000         0.000
 X              0.000         0.000         0.000
 M              0.000         0.000         0.000


           PSI
              Y             X             M
              ________      ________      ________
 Y              0.300
 X              0.000         0.500
 M              0.000         0.000         0.300


     POPULATION VALUES FOR BETWEEN


           NU
              W             Y             X             M
              ________      ________      ________      ________
                0.000         0.000         0.000         0.000


           LAMBDA
              SA            SB            SCPRIME       W             Y
              ________      ________      ________      ________      ________
 W              0.000         0.000         0.000         1.000         0.000
 Y              0.000         0.000         0.000         0.000         1.000
 X              0.000         0.000         0.000         0.000         0.000
 M              0.000         0.000         0.000         0.000         0.000


           LAMBDA
              X             M
              ________      ________
 W              0.000         0.000
 Y              0.000         0.000
 X              1.000         0.000
 M              0.000         1.000


           THETA
              W             Y             X             M
              ________      ________      ________      ________
 W              0.000
 Y              0.000         0.000
 X              0.000         0.000         0.000
 M              0.000         0.000         0.000         0.000


           ALPHA
              SA            SB            SCPRIME       W             Y
              ________      ________      ________      ________      ________
                0.500         0.500         0.200         3.000         3.000


           ALPHA
              X             M
              ________      ________
                2.000         4.000


           BETA
              SA            SB            SCPRIME       W             Y
              ________      ________      ________      ________      ________
 SA             0.000         0.000         0.000         0.500         0.000
 SB             0.000         0.000         0.000         0.000         0.000
 SCPRIME        0.000         0.000         0.000         0.000         0.000
 W              0.000         0.000         0.000         0.000         0.000
 Y              0.000         0.000         0.000         0.000         0.000
 X              0.000         0.000         0.000         0.000         0.000
 M              0.000         0.000         0.000         0.200         0.000


           BETA
              X             M
              ________      ________
 SA             0.000         0.000
 SB             0.000         0.000
 SCPRIME        0.000         0.000
 W              0.000         0.000
 Y              0.200         0.400
 X              0.000         0.000
 M              0.400         0.000


           PSI
              SA            SB            SCPRIME       W             Y
              ________      ________      ________      ________      ________
 SA             0.300
 SB             0.000         0.300
 SCPRIME        0.000         0.000         0.150
 W              0.000         0.000         0.000         0.500
 Y              0.000         0.000         0.000         0.000         0.400
 X              0.000         0.000         0.000         0.300         0.000
 M              0.200         0.000         0.000         0.000         0.000


           PSI
              X             M
              ________      ________
 X              1.000
 M              0.000         0.400



     PRIORS FOR ALL PARAMETERS            PRIOR MEAN      PRIOR VARIANCE     PRIOR STD. DEV.

     Parameter 1~IG(-1.000,0.000)          infinity            infinity            infinity
     Parameter 2~IG(-1.000,0.000)          infinity            infinity            infinity
     Parameter 3~N(0.000,infinity)           0.0000            infinity            infinity
     Parameter 4~N(0.000,infinity)           0.0000            infinity            infinity
     Parameter 5~N(0.000,infinity)           0.0000            infinity            infinity
     Parameter 6~N(0.000,infinity)           0.0000            infinity            infinity
     Parameter 7~N(0.000,infinity)           0.0000            infinity            infinity
     Parameter 8~N(0.000,infinity)           0.0000            infinity            infinity
     Parameter 9~N(0.000,infinity)           0.0000            infinity            infinity
     Parameter 10~N(0.000,infinity)          0.0000            infinity            infinity
     Parameter 11~N(0.000,infinity)          0.0000            infinity            infinity
     Parameter 12~N(0.000,infinity)          0.0000            infinity            infinity
     Parameter 13~N(0.000,infinity)          0.0000            infinity            infinity
     Parameter 14~IW(0.000,-3)             infinity            infinity            infinity
     Parameter 15~IG(-1.000,0.000)         infinity            infinity            infinity
     Parameter 16~IG(-1.000,0.000)         infinity            infinity            infinity
     Parameter 17~IW(0.000,-3)             infinity            infinity            infinity
     Parameter 18~IG(-1.000,0.000)         infinity            infinity            infinity
     Parameter 19~IW(0.000,-3)             infinity            infinity            infinity
     Parameter 20~IW(0.000,-3)             infinity            infinity            infinity
     Parameter 21~IW(0.000,-3)             infinity            infinity            infinity
     Parameter 22~IW(0.000,-3)             infinity            infinity            infinity


TECHNICAL 9 OUTPUT

  Error messages for each replication (if any)



SAVEDATA INFORMATION

  Order of variables

    W
    Y
    X
    M
    CLUSTER

  Save file
    example1crep*.dat

  Save file format           Free
  Save file record length    10000


     Beginning Time:  11:26:31
        Ending Time:  11:26:31
       Elapsed Time:  00:00:00



MUTHEN & MUTHEN
3463 Stoner Ave.
Los Angeles, CA  90066

Tel: (310) 391-9971
Fax: (310) 391-8971
Web: www.StatModel.com
Support: Support@StatModel.com

Copyright (c) 1998-2020 Muthen & Muthen
