Mplus VERSION 8.5
MUTHEN & MUTHEN
01/16/2025   2:00 PM

INPUT INSTRUCTIONS

  TITLE: multilevel item generation (MCFA)

  MONTECARLO:
      NAMES = x1-x5 y1-y5 w1-w5;
      BETWEEN = w1-w5;
      nobservations = 1000;
      ncsizes = 1;
      csizes = 100 (10);
      nreps = 1;
      SEED = 42;
  	REPSAVE = ALL; SAVE = example2b_exercise_rep*.dat;

  ANALYSIS:
      TYPE = TWOLEVEL RANDOM;
      ESTIMATOR = BAYES; FBITER = 800;

  MODEL POPULATION:
      %WITHIN%
      ! factor definitions
      xw BY x1*0.6 x2-x5*0.6;
      yw BY y1*0.35 y2-y5*0.30;
      ! factor variances
      xw@1; yw@1;

      ! (residual) item variances
      x1-x5*.65; y1-y5*.85;

      ! covariances of factors at within level
      xw WITH yw*.05;

      %BETWEEN%
      ! factor definitions
      xb BY x1*0.6 x2-x5*0.7;
      yb BY y1*0.6 y2-y5*0.7;
      w BY w1-w5*0.7;
      ! factor variances
      xb@1; yb@1; w@1;

      ! (residual) item variances
      x1-x5*.35; y1-y5*.40;
      w1-w5*.45;

      ! covariances of factors at between level
      xb WITH yb*.35;
      xb WITH w*.2; yb WITH w*.15;

      ! item intercepts
      [x1-x5*3];
      [y1-y5*2];
      [w1-w5*3.5];

  MODEL:
      %WITHIN%
      ! factor definitions
      xw BY x1*0.6 x2-x5*0.6;
      yw BY y1*0.6 y2-y5*0.6;
      ! factor variances
      xw@1; yw@1;

      ! (residual) item variances
      x1-x5*.65; y1-y5*.65;

      ! covariances of factors at within level
      xw WITH yw*.25;

      %BETWEEN%
      ! factor definitions
      xb BY x1*0.6 x2-x5*0.7;
      yb BY y1*0.6 y2-y5*0.7;
      w BY w1-w5*0.7;
      ! factor variances
      xb@1; yb@1; w@1;

      ! (residual) item variances
      x1-x5*.35; y1-y5*.40;
      w1-w5*.45;

      ! covariances of factors at between level
      xb WITH yb*.35;
      xb WITH w*.2; yb WITH w*.15;

      ! item intercepts
      [x1-x5*3];
      [y1-y5*2];
      [w1-w5*3.5];


  output:
  		tech9 stdyx;



*** WARNING in MODEL command
  TYPE=RANDOM is used to declare random effect variables in the model.
  No random effect variables were found.  TYPE=RANDOM will be ignored.
*** WARNING in OUTPUT command
  STANDARDIZED option is not available for MONTECARLO.
  Request for STANDARDIZED is ignored.
   2 WARNING(S) FOUND IN THE INPUT INSTRUCTIONS



multilevel item generation (MCFA)

SUMMARY OF ANALYSIS

Number of groups                                                 1
Number of observations                                        1000

Number of replications
    Requested                                                    1
    Completed                                                    1
Value of seed                                                   42

Number of dependent variables                                   15
Number of independent variables                                  0
Number of continuous latent variables                            5

Observed dependent variables

  Continuous
   W1          W2          W3          W4          W5          X1
   X2          X3          X4          X5          Y1          Y2
   Y3          Y4          Y5

Continuous latent variables
   XW          YW          XB          YB          W

Variables with special functions

  Between variables
   W1          W2          W3          W4          W5


Estimator                                                    BAYES
Specifications for Bayesian Estimation
  Point estimate                                            MEDIAN
  Number of Markov chain Monte Carlo (MCMC) chains               2
  Random seed for the first chain                                0
  Starting value information                           UNPERTURBED
  Algorithm used for Markov chain Monte Carlo           GIBBS(PX1)
  Fixed number of iterations                                   800
  K-th iteration used for thinning                               1


SUMMARY OF DATA FOR THE FIRST REPLICATION

     Cluster information

       Size (s)    Number of clusters of Size s

         10           100





MODEL FIT INFORMATION

Number of Free Parameters                       69

Bayesian Posterior Predictive Checking using Chi-Square

    Posterior Predictive P-Value

        Mean                                 0.451
        Std Dev                              0.000
        Number of successful computations        1

        Cumulative Distribution Function
           Value    Function Value
           0.990       1.000
           0.980       1.000
           0.950       1.000
           0.900       1.000
           0.800       1.000
           0.700       1.000
           0.500       1.000
           0.300       0.000
           0.200       0.000
           0.100       0.000
           0.050       0.000
           0.020       0.000
           0.010       0.000

Information Criteria

    Deviance (DIC)

        Mean                             29202.969
        Std Dev                              0.000
        Number of successful computations        1

             Proportions                   Percentiles
        Expected    Observed         Expected       Observed
           0.990       0.000        29202.969      29202.969
           0.980       0.000        29202.969      29202.969
           0.950       0.000        29202.969      29202.969
           0.900       0.000        29202.969      29202.969
           0.800       0.000        29202.969      29202.969
           0.700       0.000        29202.969      29202.969
           0.500       0.000        29202.969      29202.969
           0.300       0.000        29202.969      29202.969
           0.200       0.000        29202.969      29202.969
           0.100       0.000        29202.969      29202.969
           0.050       0.000        29202.969      29202.969
           0.020       0.000        29202.969      29202.969
           0.010       0.000        29202.969      29202.969

    Estimated Number of Parameters (pD)

        Mean                               875.766
        Std Dev                              0.000
        Number of successful computations        1

             Proportions                   Percentiles
        Expected    Observed         Expected       Observed
           0.990       0.000          875.766        875.766
           0.980       0.000          875.766        875.766
           0.950       0.000          875.766        875.766
           0.900       0.000          875.766        875.766
           0.800       0.000          875.766        875.766
           0.700       0.000          875.766        875.766
           0.500       0.000          875.766        875.766
           0.300       0.000          875.766        875.766
           0.200       0.000          875.766        875.766
           0.100       0.000          875.766        875.766
           0.050       0.000          875.766        875.766
           0.020       0.000          875.766        875.766
           0.010       0.000          875.766        875.766



MODEL RESULTS

                              ESTIMATES              S. E.     M. S. E.  95%  % Sig
                 Population   Average   Std. Dev.   Average             Cover Coeff

Within Level

 XW       BY
  X1                  0.600     0.5577     0.0000     0.0350     0.0018 1.000 1.000
  X2                  0.600     0.6332     0.0000     0.0358     0.0011 1.000 1.000
  X3                  0.600     0.6419     0.0000     0.0384     0.0018 1.000 1.000
  X4                  0.600     0.5605     0.0000     0.0381     0.0016 1.000 1.000
  X5                  0.600     0.4987     0.0000     0.0362     0.0103 0.000 1.000

 YW       BY
  Y1                  0.600     0.3928     0.0000     0.0665     0.0429 0.000 1.000
  Y2                  0.600     0.2358     0.0000     0.0519     0.1327 0.000 1.000
  Y3                  0.600     0.2783     0.0000     0.0591     0.1035 0.000 1.000
  Y4                  0.600     0.3182     0.0000     0.0605     0.0794 0.000 1.000
  Y5                  0.600     0.3165     0.0000     0.0589     0.0804 0.000 1.000

 XW       WITH
  YW                  0.250     0.0175     0.0000     0.0666     0.0540 0.000 0.000

 Variances
  XW                  1.000     1.0000     0.0000     0.0000     0.0000 1.000 0.000
  YW                  1.000     1.0000     0.0000     0.0000     0.0000 1.000 0.000

 Residual Variances
  X1                  0.650     0.5762     0.0000     0.0338     0.0054 0.000 1.000
  X2                  0.650     0.6509     0.0000     0.0401     0.0000 1.000 1.000
  X3                  0.650     0.6439     0.0000     0.0403     0.0000 1.000 1.000
  X4                  0.650     0.6564     0.0000     0.0409     0.0000 1.000 1.000
  X5                  0.650     0.6989     0.0000     0.0372     0.0024 1.000 1.000
  Y1                  0.650     0.7868     0.0000     0.0617     0.0187 1.000 1.000
  Y2                  0.650     0.8622     0.0000     0.0445     0.0450 0.000 1.000
  Y3                  0.650     0.8825     0.0000     0.0483     0.0541 0.000 1.000
  Y4                  0.650     0.9039     0.0000     0.0529     0.0645 0.000 1.000
  Y5                  0.650     0.8583     0.0000     0.0504     0.0434 0.000 1.000

Between Level

 XB       BY
  X1                  0.600     0.6768     0.0000     0.0961     0.0059 1.000 1.000
  X2                  0.700     0.6690     0.0000     0.0884     0.0010 1.000 1.000
  X3                  0.700     0.7502     0.0000     0.0913     0.0025 1.000 1.000
  X4                  0.700     0.6746     0.0000     0.1003     0.0006 1.000 1.000
  X5                  0.700     0.7661     0.0000     0.0935     0.0044 1.000 1.000

 YB       BY
  Y1                  0.600     0.6380     0.0000     0.0928     0.0014 1.000 1.000
  Y2                  0.700     0.8619     0.0000     0.1020     0.0262 1.000 1.000
  Y3                  0.700     0.7766     0.0000     0.0957     0.0059 1.000 1.000
  Y4                  0.700     0.7208     0.0000     0.1120     0.0004 1.000 1.000
  Y5                  0.700     0.7882     0.0000     0.0972     0.0078 1.000 1.000

 W        BY
  W1                  0.700     0.7537     0.0000     0.0971     0.0029 1.000 1.000
  W2                  0.700     0.6396     0.0000     0.0998     0.0037 1.000 1.000
  W3                  0.700     0.7453     0.0000     0.0981     0.0021 1.000 1.000
  W4                  0.700     0.6801     0.0000     0.1105     0.0004 1.000 1.000
  W5                  0.700     0.5581     0.0000     0.0899     0.0201 1.000 1.000

 XB       WITH
  YB                  0.350     0.3415     0.0000     0.1133     0.0001 1.000 1.000
  W                   0.200     0.1840     0.0000     0.1187     0.0003 1.000 0.000

 YB       WITH
  W                   0.150     0.0530     0.0000     0.1269     0.0094 1.000 0.000

 Intercepts
  W1                  3.500     3.5775     0.0000     0.0949     0.0060 1.000 1.000
  W2                  3.500     3.6514     0.0000     0.0966     0.0229 1.000 1.000
  W3                  3.500     3.5709     0.0000     0.0992     0.0050 1.000 1.000
  W4                  3.500     3.5742     0.0000     0.1047     0.0055 1.000 1.000
  W5                  3.500     3.5609     0.0000     0.0873     0.0037 1.000 1.000
  X1                  3.000     3.0424     0.0000     0.0917     0.0018 1.000 1.000
  X2                  3.000     2.9744     0.0000     0.0876     0.0007 1.000 1.000
  X3                  3.000     3.0762     0.0000     0.0925     0.0058 1.000 1.000
  X4                  3.000     3.0836     0.0000     0.0893     0.0070 1.000 1.000
  X5                  3.000     3.1102     0.0000     0.0885     0.0121 1.000 1.000
  Y1                  2.000     1.9393     0.0000     0.0913     0.0037 1.000 1.000
  Y2                  2.000     2.1199     0.0000     0.0959     0.0144 1.000 1.000
  Y3                  2.000     2.0679     0.0000     0.0919     0.0046 1.000 1.000
  Y4                  2.000     2.2187     0.0000     0.0960     0.0478 0.000 1.000
  Y5                  2.000     1.9859     0.0000     0.0939     0.0002 1.000 1.000

 Variances
  XB                  1.000     1.0000     0.0000     0.0000     0.0000 1.000 0.000
  YB                  1.000     1.0000     0.0000     0.0000     0.0000 1.000 0.000
  W                   1.000     1.0000     0.0000     0.0000     0.0000 1.000 0.000

 Residual Variances
  W1                  0.450     0.2679     0.0000     0.0693     0.0332 0.000 1.000
  W2                  0.450     0.4857     0.0000     0.0853     0.0013 1.000 1.000
  W3                  0.450     0.4576     0.0000     0.0897     0.0001 1.000 1.000
  W4                  0.450     0.6486     0.0000     0.1167     0.0394 0.000 1.000
  W5                  0.450     0.4621     0.0000     0.0813     0.0001 1.000 1.000
  X1                  0.350     0.3557     0.0000     0.0717     0.0000 1.000 1.000
  X2                  0.350     0.2786     0.0000     0.0604     0.0051 1.000 1.000
  X3                  0.350     0.3401     0.0000     0.0789     0.0001 1.000 1.000
  X4                  0.350     0.4301     0.0000     0.0855     0.0064 1.000 1.000
  X5                  0.350     0.2876     0.0000     0.0722     0.0039 1.000 1.000
  Y1                  0.400     0.3996     0.0000     0.0755     0.0000 1.000 1.000
  Y2                  0.400     0.3027     0.0000     0.0829     0.0095 1.000 1.000
  Y3                  0.400     0.2464     0.0000     0.0706     0.0236 1.000 1.000
  Y4                  0.400     0.5893     0.0000     0.1162     0.0358 0.000 1.000
  Y5                  0.400     0.2944     0.0000     0.0671     0.0112 1.000 1.000


CORRELATIONS AND MEAN SQUARE ERROR OF THE TRUE FACTOR VALUES AND THE FACTOR SCORES

                        CORRELATIONS                MEAN SQUARE ERROR
                    Average    Std. Dev.           Average    Std. Dev.
  XB                  0.893       0.000              0.453       0.000
  YB                  0.911       0.000              0.436       0.000
  W                   0.904       0.000              0.413       0.000
  X1                  0.937       0.000              0.311       0.000
  X2                  0.914       0.000              0.363       0.000
  X3                  0.958       0.000              0.272       0.000
  X4                  0.938       0.000              0.323       0.000
  X5                  0.938       0.000              0.301       0.000
  Y1                  0.941       0.000              0.288       0.000
  Y2                  0.940       0.000              0.323       0.000
  Y3                  0.946       0.000              0.300       0.000
  Y4                  0.966       0.000              0.260       0.000
  Y5                  0.949       0.000              0.287       0.000


TECHNICAL 1 OUTPUT


     PARAMETER SPECIFICATION FOR WITHIN


           NU
              X1            X2            X3            X4            X5
              ________      ________      ________      ________      ________
                    0             0             0             0             0


           NU
              Y1            Y2            Y3            Y4            Y5
              ________      ________      ________      ________      ________
                    0             0             0             0             0


           LAMBDA
              XW            YW
              ________      ________
 X1                 1             0
 X2                 2             0
 X3                 3             0
 X4                 4             0
 X5                 5             0
 Y1                 0             6
 Y2                 0             7
 Y3                 0             8
 Y4                 0             9
 Y5                 0            10


           THETA
              X1            X2            X3            X4            X5
              ________      ________      ________      ________      ________
 X1                11
 X2                 0            12
 X3                 0             0            13
 X4                 0             0             0            14
 X5                 0             0             0             0            15
 Y1                 0             0             0             0             0
 Y2                 0             0             0             0             0
 Y3                 0             0             0             0             0
 Y4                 0             0             0             0             0
 Y5                 0             0             0             0             0


           THETA
              Y1            Y2            Y3            Y4            Y5
              ________      ________      ________      ________      ________
 Y1                16
 Y2                 0            17
 Y3                 0             0            18
 Y4                 0             0             0            19
 Y5                 0             0             0             0            20


           ALPHA
              XW            YW
              ________      ________
                    0             0


           BETA
              XW            YW
              ________      ________
 XW                 0             0
 YW                 0             0


           PSI
              XW            YW
              ________      ________
 XW                 0
 YW                21             0


     PARAMETER SPECIFICATION FOR BETWEEN


           NU
              W1            W2            W3            W4            W5
              ________      ________      ________      ________      ________
                   22            23            24            25            26


           NU
              X1            X2            X3            X4            X5
              ________      ________      ________      ________      ________
                   27            28            29            30            31


           NU
              Y1            Y2            Y3            Y4            Y5
              ________      ________      ________      ________      ________
                   32            33            34            35            36


           LAMBDA
              XB            YB            W
              ________      ________      ________
 W1                 0             0            37
 W2                 0             0            38
 W3                 0             0            39
 W4                 0             0            40
 W5                 0             0            41
 X1                42             0             0
 X2                43             0             0
 X3                44             0             0
 X4                45             0             0
 X5                46             0             0
 Y1                 0            47             0
 Y2                 0            48             0
 Y3                 0            49             0
 Y4                 0            50             0
 Y5                 0            51             0


           THETA
              W1            W2            W3            W4            W5
              ________      ________      ________      ________      ________
 W1                52
 W2                 0            53
 W3                 0             0            54
 W4                 0             0             0            55
 W5                 0             0             0             0            56
 X1                 0             0             0             0             0
 X2                 0             0             0             0             0
 X3                 0             0             0             0             0
 X4                 0             0             0             0             0
 X5                 0             0             0             0             0
 Y1                 0             0             0             0             0
 Y2                 0             0             0             0             0
 Y3                 0             0             0             0             0
 Y4                 0             0             0             0             0
 Y5                 0             0             0             0             0


           THETA
              X1            X2            X3            X4            X5
              ________      ________      ________      ________      ________
 X1                57
 X2                 0            58
 X3                 0             0            59
 X4                 0             0             0            60
 X5                 0             0             0             0            61
 Y1                 0             0             0             0             0
 Y2                 0             0             0             0             0
 Y3                 0             0             0             0             0
 Y4                 0             0             0             0             0
 Y5                 0             0             0             0             0


           THETA
              Y1            Y2            Y3            Y4            Y5
              ________      ________      ________      ________      ________
 Y1                62
 Y2                 0            63
 Y3                 0             0            64
 Y4                 0             0             0            65
 Y5                 0             0             0             0            66


           ALPHA
              XB            YB            W
              ________      ________      ________
                    0             0             0


           BETA
              XB            YB            W
              ________      ________      ________
 XB                 0             0             0
 YB                 0             0             0
 W                  0             0             0


           PSI
              XB            YB            W
              ________      ________      ________
 XB                 0
 YB                67             0
 W                 68            69             0


     STARTING VALUES FOR WITHIN


           NU
              X1            X2            X3            X4            X5
              ________      ________      ________      ________      ________
                0.000         0.000         0.000         0.000         0.000


           NU
              Y1            Y2            Y3            Y4            Y5
              ________      ________      ________      ________      ________
                0.000         0.000         0.000         0.000         0.000


           LAMBDA
              XW            YW
              ________      ________
 X1             0.600         0.000
 X2             0.600         0.000
 X3             0.600         0.000
 X4             0.600         0.000
 X5             0.600         0.000
 Y1             0.000         0.600
 Y2             0.000         0.600
 Y3             0.000         0.600
 Y4             0.000         0.600
 Y5             0.000         0.600


           THETA
              X1            X2            X3            X4            X5
              ________      ________      ________      ________      ________
 X1             0.650
 X2             0.000         0.650
 X3             0.000         0.000         0.650
 X4             0.000         0.000         0.000         0.650
 X5             0.000         0.000         0.000         0.000         0.650
 Y1             0.000         0.000         0.000         0.000         0.000
 Y2             0.000         0.000         0.000         0.000         0.000
 Y3             0.000         0.000         0.000         0.000         0.000
 Y4             0.000         0.000         0.000         0.000         0.000
 Y5             0.000         0.000         0.000         0.000         0.000


           THETA
              Y1            Y2            Y3            Y4            Y5
              ________      ________      ________      ________      ________
 Y1             0.650
 Y2             0.000         0.650
 Y3             0.000         0.000         0.650
 Y4             0.000         0.000         0.000         0.650
 Y5             0.000         0.000         0.000         0.000         0.650


           ALPHA
              XW            YW
              ________      ________
                0.000         0.000


           BETA
              XW            YW
              ________      ________
 XW             0.000         0.000
 YW             0.000         0.000


           PSI
              XW            YW
              ________      ________
 XW             1.000
 YW             0.250         1.000


     STARTING VALUES FOR BETWEEN


           NU
              W1            W2            W3            W4            W5
              ________      ________      ________      ________      ________
                3.500         3.500         3.500         3.500         3.500


           NU
              X1            X2            X3            X4            X5
              ________      ________      ________      ________      ________
                3.000         3.000         3.000         3.000         3.000


           NU
              Y1            Y2            Y3            Y4            Y5
              ________      ________      ________      ________      ________
                2.000         2.000         2.000         2.000         2.000


           LAMBDA
              XB            YB            W
              ________      ________      ________
 W1             0.000         0.000         0.700
 W2             0.000         0.000         0.700
 W3             0.000         0.000         0.700
 W4             0.000         0.000         0.700
 W5             0.000         0.000         0.700
 X1             0.600         0.000         0.000
 X2             0.700         0.000         0.000
 X3             0.700         0.000         0.000
 X4             0.700         0.000         0.000
 X5             0.700         0.000         0.000
 Y1             0.000         0.600         0.000
 Y2             0.000         0.700         0.000
 Y3             0.000         0.700         0.000
 Y4             0.000         0.700         0.000
 Y5             0.000         0.700         0.000


           THETA
              W1            W2            W3            W4            W5
              ________      ________      ________      ________      ________
 W1             0.450
 W2             0.000         0.450
 W3             0.000         0.000         0.450
 W4             0.000         0.000         0.000         0.450
 W5             0.000         0.000         0.000         0.000         0.450
 X1             0.000         0.000         0.000         0.000         0.000
 X2             0.000         0.000         0.000         0.000         0.000
 X3             0.000         0.000         0.000         0.000         0.000
 X4             0.000         0.000         0.000         0.000         0.000
 X5             0.000         0.000         0.000         0.000         0.000
 Y1             0.000         0.000         0.000         0.000         0.000
 Y2             0.000         0.000         0.000         0.000         0.000
 Y3             0.000         0.000         0.000         0.000         0.000
 Y4             0.000         0.000         0.000         0.000         0.000
 Y5             0.000         0.000         0.000         0.000         0.000


           THETA
              X1            X2            X3            X4            X5
              ________      ________      ________      ________      ________
 X1             0.350
 X2             0.000         0.350
 X3             0.000         0.000         0.350
 X4             0.000         0.000         0.000         0.350
 X5             0.000         0.000         0.000         0.000         0.350
 Y1             0.000         0.000         0.000         0.000         0.000
 Y2             0.000         0.000         0.000         0.000         0.000
 Y3             0.000         0.000         0.000         0.000         0.000
 Y4             0.000         0.000         0.000         0.000         0.000
 Y5             0.000         0.000         0.000         0.000         0.000


           THETA
              Y1            Y2            Y3            Y4            Y5
              ________      ________      ________      ________      ________
 Y1             0.400
 Y2             0.000         0.400
 Y3             0.000         0.000         0.400
 Y4             0.000         0.000         0.000         0.400
 Y5             0.000         0.000         0.000         0.000         0.400


           ALPHA
              XB            YB            W
              ________      ________      ________
                0.000         0.000         0.000


           BETA
              XB            YB            W
              ________      ________      ________
 XB             0.000         0.000         0.000
 YB             0.000         0.000         0.000
 W              0.000         0.000         0.000


           PSI
              XB            YB            W
              ________      ________      ________
 XB             1.000
 YB             0.350         1.000
 W              0.200         0.150         1.000


     POPULATION VALUES FOR WITHIN


           NU
              X1            X2            X3            X4            X5
              ________      ________      ________      ________      ________
                0.000         0.000         0.000         0.000         0.000


           NU
              Y1            Y2            Y3            Y4            Y5
              ________      ________      ________      ________      ________
                0.000         0.000         0.000         0.000         0.000


           LAMBDA
              XW            YW
              ________      ________
 X1             0.600         0.000
 X2             0.600         0.000
 X3             0.600         0.000
 X4             0.600         0.000
 X5             0.600         0.000
 Y1             0.000         0.350
 Y2             0.000         0.300
 Y3             0.000         0.300
 Y4             0.000         0.300
 Y5             0.000         0.300


           THETA
              X1            X2            X3            X4            X5
              ________      ________      ________      ________      ________
 X1             0.650
 X2             0.000         0.650
 X3             0.000         0.000         0.650
 X4             0.000         0.000         0.000         0.650
 X5             0.000         0.000         0.000         0.000         0.650
 Y1             0.000         0.000         0.000         0.000         0.000
 Y2             0.000         0.000         0.000         0.000         0.000
 Y3             0.000         0.000         0.000         0.000         0.000
 Y4             0.000         0.000         0.000         0.000         0.000
 Y5             0.000         0.000         0.000         0.000         0.000


           THETA
              Y1            Y2            Y3            Y4            Y5
              ________      ________      ________      ________      ________
 Y1             0.850
 Y2             0.000         0.850
 Y3             0.000         0.000         0.850
 Y4             0.000         0.000         0.000         0.850
 Y5             0.000         0.000         0.000         0.000         0.850


           ALPHA
              XW            YW
              ________      ________
                0.000         0.000


           BETA
              XW            YW
              ________      ________
 XW             0.000         0.000
 YW             0.000         0.000


           PSI
              XW            YW
              ________      ________
 XW             1.000
 YW             0.050         1.000


     POPULATION VALUES FOR BETWEEN


           NU
              W1            W2            W3            W4            W5
              ________      ________      ________      ________      ________
                3.500         3.500         3.500         3.500         3.500


           NU
              X1            X2            X3            X4            X5
              ________      ________      ________      ________      ________
                3.000         3.000         3.000         3.000         3.000


           NU
              Y1            Y2            Y3            Y4            Y5
              ________      ________      ________      ________      ________
                2.000         2.000         2.000         2.000         2.000


           LAMBDA
              XB            YB            W
              ________      ________      ________
 W1             0.000         0.000         0.700
 W2             0.000         0.000         0.700
 W3             0.000         0.000         0.700
 W4             0.000         0.000         0.700
 W5             0.000         0.000         0.700
 X1             0.600         0.000         0.000
 X2             0.700         0.000         0.000
 X3             0.700         0.000         0.000
 X4             0.700         0.000         0.000
 X5             0.700         0.000         0.000
 Y1             0.000         0.600         0.000
 Y2             0.000         0.700         0.000
 Y3             0.000         0.700         0.000
 Y4             0.000         0.700         0.000
 Y5             0.000         0.700         0.000


           THETA
              W1            W2            W3            W4            W5
              ________      ________      ________      ________      ________
 W1             0.450
 W2             0.000         0.450
 W3             0.000         0.000         0.450
 W4             0.000         0.000         0.000         0.450
 W5             0.000         0.000         0.000         0.000         0.450
 X1             0.000         0.000         0.000         0.000         0.000
 X2             0.000         0.000         0.000         0.000         0.000
 X3             0.000         0.000         0.000         0.000         0.000
 X4             0.000         0.000         0.000         0.000         0.000
 X5             0.000         0.000         0.000         0.000         0.000
 Y1             0.000         0.000         0.000         0.000         0.000
 Y2             0.000         0.000         0.000         0.000         0.000
 Y3             0.000         0.000         0.000         0.000         0.000
 Y4             0.000         0.000         0.000         0.000         0.000
 Y5             0.000         0.000         0.000         0.000         0.000


           THETA
              X1            X2            X3            X4            X5
              ________      ________      ________      ________      ________
 X1             0.350
 X2             0.000         0.350
 X3             0.000         0.000         0.350
 X4             0.000         0.000         0.000         0.350
 X5             0.000         0.000         0.000         0.000         0.350
 Y1             0.000         0.000         0.000         0.000         0.000
 Y2             0.000         0.000         0.000         0.000         0.000
 Y3             0.000         0.000         0.000         0.000         0.000
 Y4             0.000         0.000         0.000         0.000         0.000
 Y5             0.000         0.000         0.000         0.000         0.000


           THETA
              Y1            Y2            Y3            Y4            Y5
              ________      ________      ________      ________      ________
 Y1             0.400
 Y2             0.000         0.400
 Y3             0.000         0.000         0.400
 Y4             0.000         0.000         0.000         0.400
 Y5             0.000         0.000         0.000         0.000         0.400


           ALPHA
              XB            YB            W
              ________      ________      ________
                0.000         0.000         0.000


           BETA
              XB            YB            W
              ________      ________      ________
 XB             0.000         0.000         0.000
 YB             0.000         0.000         0.000
 W              0.000         0.000         0.000


           PSI
              XB            YB            W
              ________      ________      ________
 XB             1.000
 YB             0.350         1.000
 W              0.200         0.150         1.000



     PRIORS FOR ALL PARAMETERS            PRIOR MEAN      PRIOR VARIANCE     PRIOR STD. DEV.

     Parameter 1~N(0.000,infinity)           0.0000            infinity            infinity
     Parameter 2~N(0.000,infinity)           0.0000            infinity            infinity
     Parameter 3~N(0.000,infinity)           0.0000            infinity            infinity
     Parameter 4~N(0.000,infinity)           0.0000            infinity            infinity
     Parameter 5~N(0.000,infinity)           0.0000            infinity            infinity
     Parameter 6~N(0.000,infinity)           0.0000            infinity            infinity
     Parameter 7~N(0.000,infinity)           0.0000            infinity            infinity
     Parameter 8~N(0.000,infinity)           0.0000            infinity            infinity
     Parameter 9~N(0.000,infinity)           0.0000            infinity            infinity
     Parameter 10~N(0.000,infinity)          0.0000            infinity            infinity
     Parameter 11~IG(-1.000,0.000)         infinity            infinity            infinity
     Parameter 12~IG(-1.000,0.000)         infinity            infinity            infinity
     Parameter 13~IG(-1.000,0.000)         infinity            infinity            infinity
     Parameter 14~IG(-1.000,0.000)         infinity            infinity            infinity
     Parameter 15~IG(-1.000,0.000)         infinity            infinity            infinity
     Parameter 16~IG(-1.000,0.000)         infinity            infinity            infinity
     Parameter 17~IG(-1.000,0.000)         infinity            infinity            infinity
     Parameter 18~IG(-1.000,0.000)         infinity            infinity            infinity
     Parameter 19~IG(-1.000,0.000)         infinity            infinity            infinity
     Parameter 20~IG(-1.000,0.000)         infinity            infinity            infinity
     Parameter 21~IW(0.000,-3)
     Parameter 22~N(0.000,infinity)          0.0000            infinity            infinity
     Parameter 23~N(0.000,infinity)          0.0000            infinity            infinity
     Parameter 24~N(0.000,infinity)          0.0000            infinity            infinity
     Parameter 25~N(0.000,infinity)          0.0000            infinity            infinity
     Parameter 26~N(0.000,infinity)          0.0000            infinity            infinity
     Parameter 27~N(0.000,infinity)          0.0000            infinity            infinity
     Parameter 28~N(0.000,infinity)          0.0000            infinity            infinity
     Parameter 29~N(0.000,infinity)          0.0000            infinity            infinity
     Parameter 30~N(0.000,infinity)          0.0000            infinity            infinity
     Parameter 31~N(0.000,infinity)          0.0000            infinity            infinity
     Parameter 32~N(0.000,infinity)          0.0000            infinity            infinity
     Parameter 33~N(0.000,infinity)          0.0000            infinity            infinity
     Parameter 34~N(0.000,infinity)          0.0000            infinity            infinity
     Parameter 35~N(0.000,infinity)          0.0000            infinity            infinity
     Parameter 36~N(0.000,infinity)          0.0000            infinity            infinity
     Parameter 37~N(0.000,infinity)          0.0000            infinity            infinity
     Parameter 38~N(0.000,infinity)          0.0000            infinity            infinity
     Parameter 39~N(0.000,infinity)          0.0000            infinity            infinity
     Parameter 40~N(0.000,infinity)          0.0000            infinity            infinity
     Parameter 41~N(0.000,infinity)          0.0000            infinity            infinity
     Parameter 42~N(0.000,infinity)          0.0000            infinity            infinity
     Parameter 43~N(0.000,infinity)          0.0000            infinity            infinity
     Parameter 44~N(0.000,infinity)          0.0000            infinity            infinity
     Parameter 45~N(0.000,infinity)          0.0000            infinity            infinity
     Parameter 46~N(0.000,infinity)          0.0000            infinity            infinity
     Parameter 47~N(0.000,infinity)          0.0000            infinity            infinity
     Parameter 48~N(0.000,infinity)          0.0000            infinity            infinity
     Parameter 49~N(0.000,infinity)          0.0000            infinity            infinity
     Parameter 50~N(0.000,infinity)          0.0000            infinity            infinity
     Parameter 51~N(0.000,infinity)          0.0000            infinity            infinity
     Parameter 52~IG(-1.000,0.000)         infinity            infinity            infinity
     Parameter 53~IG(-1.000,0.000)         infinity            infinity            infinity
     Parameter 54~IG(-1.000,0.000)         infinity            infinity            infinity
     Parameter 55~IG(-1.000,0.000)         infinity            infinity            infinity
     Parameter 56~IG(-1.000,0.000)         infinity            infinity            infinity
     Parameter 57~IG(-1.000,0.000)         infinity            infinity            infinity
     Parameter 58~IG(-1.000,0.000)         infinity            infinity            infinity
     Parameter 59~IG(-1.000,0.000)         infinity            infinity            infinity
     Parameter 60~IG(-1.000,0.000)         infinity            infinity            infinity
     Parameter 61~IG(-1.000,0.000)         infinity            infinity            infinity
     Parameter 62~IG(-1.000,0.000)         infinity            infinity            infinity
     Parameter 63~IG(-1.000,0.000)         infinity            infinity            infinity
     Parameter 64~IG(-1.000,0.000)         infinity            infinity            infinity
     Parameter 65~IG(-1.000,0.000)         infinity            infinity            infinity
     Parameter 66~IG(-1.000,0.000)         infinity            infinity            infinity
     Parameter 67~IW(0.000,-4)
     Parameter 68~IW(0.000,-4)
     Parameter 69~IW(0.000,-4)


TECHNICAL 9 OUTPUT

  Error messages for each replication (if any)



SAVEDATA INFORMATION

  Order of variables

    W1
    W2
    W3
    W4
    W5
    X1
    X2
    X3
    X4
    X5
    Y1
    Y2
    Y3
    Y4
    Y5
    CLUSTER

  Save file
    example2b_exercise_rep*.dat

  Save file format           Free
  Save file record length    10000


     Beginning Time:  14:00:08
        Ending Time:  14:00:10
       Elapsed Time:  00:00:02



MUTHEN & MUTHEN
3463 Stoner Ave.
Los Angeles, CA  90066

Tel: (310) 391-9971
Fax: (310) 391-8971
Web: www.StatModel.com
Support: Support@StatModel.com

Copyright (c) 1998-2020 Muthen & Muthen
