Mplus VERSION 8.5
MUTHEN & MUTHEN
12/03/2024   6:06 PM

INPUT INSTRUCTIONS

  TITLE:	 generated dataset for 1-1-1 multilevel mediation
  	without CLI, with random effect covariances

  montecarlo:
  		names are y x m;
  		nobservations = 1000;
  		ncsizes = 1;
  		csizes = 100 (10);
  		seed = 42;
  		nreps = 2;
  !		within = x;
  		!between = w;
  		REPSAVE = ALL; SAVE = example1rep*.dat;

  ANALYSIS:  TYPE = TWOLEVEL RANDOM;
  ESTIMATOR = BAYES; !FBITER = 800;

  model population:
  		%within%
  		! variances of exogenous variables
  		x@0.5;
  		! (residual) variances of endogenous variables
  		y*0.3;
  		m*0.3;
  		! mediation with random parameters
  		sa | m on x;
  		sb | y on m;
  		scprime | y on x;

  		%between%
  		! exogenous: variances and means
          [x@2]; x*1;
  		! endogenous: residual vareiances and intercepts
  		[m*4]; m*0.4;
  		[y*3]; y*0.4;
  		! variances of random slopes/effects
  		sa*.3;
  		sb*.3;
  		scprime*.15;
  		! intercepts of random slopes
  		[sa*0.5] (ma);
  		[sb*0.5] (mb);
  		[scprime*0.2] (mc);

  		! correlations of random slopes
  		sa WITH sb*0.1 (cab);
  		sa WITH scprime*0.1;
  		sb WITH scprime*0.1;

  		! between-level mediation effects
  		y ON m*0.4;
  		m on x*0.4;
  		y on x*0.2;
  		
  		! cross-level interaction for sa (first stage mediation)
          !w with x*.3;
  		!m on w*0.2;
  		!sa on w*0.5;
          !m with sa*.2;


  		
  model:
  		%within%
  		! variances of exogenous variables
  		x@0.5;
  		! (residual) variances of endogenous variables
  		y*0.3;
  		m*0.3;
  		! mediation with random parameters
  		sa | m on x;
  		sb | y on m;
  		scprime | y on x;

  		%between%
  		! exogenous: variances and means
          [x@2]; x*0.5;
  		! endogenous: residual vareiances and intercepts
  		[m*4]; m*0.4;
  		[y*3]; y*0.4;
  		! variances of random slopes/effects
  		sa*.3;
  		sb*.3;
  		scprime*.15;
  		! intercepts of random slopes
  		[sa*0.5] (ma);
  		[sb*0.5] (mb);
  		[scprime*0.2] (mc);

  		! correlations of random slopes
  		sa WITH sb*0.1 (cab);
  		sa WITH scprime*0.1;
  		sb WITH scprime*0.1;

  		! between-level mediation effects
  		y ON m*0.4;
  		m on x*0.4;
  		y on x*0.2;

  MODEL CONSTRAINT:
  	NEW(indi*0.3);
  	indi = ma*mb+cab;

  output:
  		tech9;



*** WARNING in MODEL command
  In the MODEL command, the x variable on the WITHIN level has been turned into a
  y variable to enable latent variable decomposition.  This variable will be treated
  as a y-variable on both levels:  X
   1 WARNING(S) FOUND IN THE INPUT INSTRUCTIONS



generated dataset for 1-1-1 multilevel mediation
without CLI, with random effect covariances

SUMMARY OF ANALYSIS

Number of groups                                                 1
Number of observations                                        1000

Number of replications
    Requested                                                    2
    Completed                                                    2
Value of seed                                                   42

Number of dependent variables                                    3
Number of independent variables                                  0
Number of continuous latent variables                            3

Observed dependent variables

  Continuous
   Y           X           M

Continuous latent variables
   SA          SB          SCPRIME


Estimator                                                    BAYES
Specifications for Bayesian Estimation
  Point estimate                                            MEDIAN
  Number of Markov chain Monte Carlo (MCMC) chains               2
  Random seed for the first chain                                0
  Starting value information                           UNPERTURBED
  Algorithm used for Markov chain Monte Carlo           GIBBS(PX1)
  Convergence criterion                                  0.500D-01
  Maximum number of iterations                               50000
  K-th iteration used for thinning                               1


SUMMARY OF DATA FOR THE FIRST REPLICATION

     Cluster information

       Size (s)    Number of clusters of Size s

         10           100





MODEL FIT INFORMATION

Number of Free Parameters                       19

Information Criteria

    Deviance (DIC)

        Mean                              5800.720
        Std Dev                             76.145
        Number of successful computations        2

             Proportions                   Percentiles
        Expected    Observed         Expected       Observed
           0.990       1.000         5623.583       5724.575
           0.980       1.000         5644.340       5724.575
           0.950       1.000         5675.468       5724.575
           0.900       1.000         5703.132       5724.575
           0.800       0.500         5736.636       5724.575
           0.700       0.500         5760.789       5724.575
           0.500       0.500         5800.720       5724.575
           0.300       0.500         5840.651       5724.575
           0.200       0.500         5864.804       5724.575
           0.100       0.000         5898.308       5724.575
           0.050       0.000         5925.972       5724.575
           0.020       0.000         5957.100       5724.575
           0.010       0.000         5977.857       5724.575

    Estimated Number of Parameters (pD)

        Mean                               453.711
        Std Dev                              4.297
        Number of successful computations        2

             Proportions                   Percentiles
        Expected    Observed         Expected       Observed
           0.990       1.000          443.715        449.414
           0.980       1.000          444.886        449.414
           0.950       1.000          446.643        449.414
           0.900       1.000          448.204        449.414
           0.800       0.500          450.094        449.414
           0.700       0.500          451.457        449.414
           0.500       0.500          453.711        449.414
           0.300       0.500          455.964        449.414
           0.200       0.500          457.327        449.414
           0.100       0.000          459.217        449.414
           0.050       0.000          460.778        449.414
           0.020       0.000          462.535        449.414
           0.010       0.000          463.706        449.414



MODEL RESULTS

                              ESTIMATES              S. E.     M. S. E.  95%  % Sig
                 Population   Average   Std. Dev.   Average             Cover Coeff

Within Level

 Variances
  X                   0.500     0.5000     0.0000     0.0000     0.0000 1.000 0.000

 Residual Variances
  Y                   0.300     0.2823     0.0086     0.0149     0.0004 1.000 1.000
  M                   0.300     0.2959     0.0320     0.0150     0.0005 1.000 1.000

Between Level

 Y          ON
  M                   0.400     0.6100     0.0292     0.1185     0.0445 1.000 1.000
  X                   0.200     0.1860     0.0693     0.0959     0.0026 1.000 0.500

 M          ON
  X                   0.400     0.4584     0.0193     0.0726     0.0036 1.000 1.000

 SA       WITH
  SB                  0.100     0.0993     0.0610     0.0427     0.0019 1.000 0.500
  SCPRIME             0.100     0.1050     0.0069     0.0348     0.0000 1.000 1.000

 SB       WITH
  SCPRIME             0.100     0.1009     0.0160     0.0339     0.0001 1.000 1.000

 Means
  X                   2.000     2.0000     0.0000     0.0000     0.0000 1.000 0.000
  SA                  0.500     0.5070     0.0443     0.0575     0.0010 1.000 1.000
  SB                  0.500     0.4883     0.0143     0.0711     0.0002 1.000 1.000
  SCPRIME             0.200     0.1796     0.0391     0.0540     0.0012 1.000 1.000

 Intercepts
  Y                   3.000     2.0051     0.0253     0.5051     0.9901 0.500 1.000
  M                   4.000     3.8416     0.0255     0.1636     0.0254 1.000 1.000

 Variances
  X                   0.500     0.8770     0.0926     0.1434     0.1465 0.000 1.000
  SA                  0.300     0.2912     0.0157     0.0532     0.0002 1.000 1.000
  SB                  0.300     0.2924     0.0311     0.0557     0.0005 1.000 1.000
  SCPRIME             0.150     0.1628     0.0632     0.0400     0.0022 1.000 1.000

 Residual Variances
  Y                   0.400     0.4857     0.0830     0.0899     0.0108 1.000 1.000
  M                   0.400     0.4229     0.0547     0.0709     0.0020 1.000 1.000

New/Additional Parameters
  INDI                0.300     0.3340     0.0958     0.0698     0.0057 1.000 1.000


CORRELATIONS AND MEAN SQUARE ERROR OF THE TRUE FACTOR VALUES AND THE FACTOR SCORES

                        CORRELATIONS                MEAN SQUARE ERROR
                    Average    Std. Dev.           Average    Std. Dev.
  SA                  0.898       0.007              0.230       0.002
  SB                  0.857       0.003              0.271       0.026
  SCPRIME             0.775       0.040              0.242       0.028
  Y                   0.960       0.005              0.242       0.039
  X                   0.976       0.003              0.204       0.000
  M                   0.964       0.004              0.204       0.024


TECHNICAL 1 OUTPUT


     PARAMETER SPECIFICATION FOR WITHIN


           NU
              Y             X             M
              ________      ________      ________
                    0             0             0


           LAMBDA
              Y             X             M
              ________      ________      ________
 Y                  0             0             0
 X                  0             0             0
 M                  0             0             0


           THETA
              Y             X             M
              ________      ________      ________
 Y                  0
 X                  0             0
 M                  0             0             0


           ALPHA
              Y             X             M
              ________      ________      ________
                    0             0             0


           BETA
              Y             X             M
              ________      ________      ________
 Y                  0             0             0
 X                  0             0             0
 M                  0             0             0


           PSI
              Y             X             M
              ________      ________      ________
 Y                  1
 X                  0             0
 M                  0             0             2


     PARAMETER SPECIFICATION FOR BETWEEN


           NU
              Y             X             M
              ________      ________      ________
                    0             0             0


           LAMBDA
              SA            SB            SCPRIME       Y             X
              ________      ________      ________      ________      ________
 Y                  0             0             0             0             0
 X                  0             0             0             0             0
 M                  0             0             0             0             0


           LAMBDA
              M
              ________
 Y                  0
 X                  0
 M                  0


           THETA
              Y             X             M
              ________      ________      ________
 Y                  0
 X                  0             0
 M                  0             0             0


           ALPHA
              SA            SB            SCPRIME       Y             X
              ________      ________      ________      ________      ________
                    3             4             5             6             0


           ALPHA
              M
              ________
                    7


           BETA
              SA            SB            SCPRIME       Y             X
              ________      ________      ________      ________      ________
 SA                 0             0             0             0             0
 SB                 0             0             0             0             0
 SCPRIME            0             0             0             0             0
 Y                  0             0             0             0             8
 X                  0             0             0             0             0
 M                  0             0             0             0            10


           BETA
              M
              ________
 SA                 0
 SB                 0
 SCPRIME            0
 Y                  9
 X                  0
 M                  0


           PSI
              SA            SB            SCPRIME       Y             X
              ________      ________      ________      ________      ________
 SA                11
 SB                12            13
 SCPRIME           14            15            16
 Y                  0             0             0            17
 X                  0             0             0             0            18
 M                  0             0             0             0             0


           PSI
              M
              ________
 M                 19


     PARAMETER SPECIFICATION FOR THE ADDITIONAL PARAMETERS


           NEW/ADDITIONAL PARAMETERS
              INDI
              ________
                   20


     STARTING VALUES FOR WITHIN


           NU
              Y             X             M
              ________      ________      ________
                0.000         0.000         0.000


           LAMBDA
              Y             X             M
              ________      ________      ________
 Y              1.000         0.000         0.000
 X              0.000         1.000         0.000
 M              0.000         0.000         1.000


           THETA
              Y             X             M
              ________      ________      ________
 Y              0.000
 X              0.000         0.000
 M              0.000         0.000         0.000


           ALPHA
              Y             X             M
              ________      ________      ________
                0.000         0.000         0.000


           BETA
              Y             X             M
              ________      ________      ________
 Y              0.000         0.000         0.000
 X              0.000         0.000         0.000
 M              0.000         0.000         0.000


           PSI
              Y             X             M
              ________      ________      ________
 Y              0.300
 X              0.000         0.500
 M              0.000         0.000         0.300


     STARTING VALUES FOR BETWEEN


           NU
              Y             X             M
              ________      ________      ________
                0.000         0.000         0.000


           LAMBDA
              SA            SB            SCPRIME       Y             X
              ________      ________      ________      ________      ________
 Y              0.000         0.000         0.000         1.000         0.000
 X              0.000         0.000         0.000         0.000         1.000
 M              0.000         0.000         0.000         0.000         0.000


           LAMBDA
              M
              ________
 Y              0.000
 X              0.000
 M              1.000


           THETA
              Y             X             M
              ________      ________      ________
 Y              0.000
 X              0.000         0.000
 M              0.000         0.000         0.000


           ALPHA
              SA            SB            SCPRIME       Y             X
              ________      ________      ________      ________      ________
                0.500         0.500         0.200         3.000         2.000


           ALPHA
              M
              ________
                4.000


           BETA
              SA            SB            SCPRIME       Y             X
              ________      ________      ________      ________      ________
 SA             0.000         0.000         0.000         0.000         0.000
 SB             0.000         0.000         0.000         0.000         0.000
 SCPRIME        0.000         0.000         0.000         0.000         0.000
 Y              0.000         0.000         0.000         0.000         0.200
 X              0.000         0.000         0.000         0.000         0.000
 M              0.000         0.000         0.000         0.000         0.400


           BETA
              M
              ________
 SA             0.000
 SB             0.000
 SCPRIME        0.000
 Y              0.400
 X              0.000
 M              0.000


           PSI
              SA            SB            SCPRIME       Y             X
              ________      ________      ________      ________      ________
 SA             0.300
 SB             0.100         0.300
 SCPRIME        0.100         0.100         0.150
 Y              0.000         0.000         0.000         0.400
 X              0.000         0.000         0.000         0.000         0.500
 M              0.000         0.000         0.000         0.000         0.000


           PSI
              M
              ________
 M              0.400


     STARTING VALUES FOR THE ADDITIONAL PARAMETERS


           NEW/ADDITIONAL PARAMETERS
              INDI
              ________
                0.300


     POPULATION VALUES FOR WITHIN


           NU
              Y             X             M
              ________      ________      ________
                0.000         0.000         0.000


           LAMBDA
              Y             X             M
              ________      ________      ________
 Y              1.000         0.000         0.000
 X              0.000         1.000         0.000
 M              0.000         0.000         1.000


           THETA
              Y             X             M
              ________      ________      ________
 Y              0.000
 X              0.000         0.000
 M              0.000         0.000         0.000


           ALPHA
              Y             X             M
              ________      ________      ________
                0.000         0.000         0.000


           BETA
              Y             X             M
              ________      ________      ________
 Y              0.000         0.000         0.000
 X              0.000         0.000         0.000
 M              0.000         0.000         0.000


           PSI
              Y             X             M
              ________      ________      ________
 Y              0.300
 X              0.000         0.500
 M              0.000         0.000         0.300


     POPULATION VALUES FOR BETWEEN


           NU
              Y             X             M
              ________      ________      ________
                0.000         0.000         0.000


           LAMBDA
              SA            SB            SCPRIME       Y             X
              ________      ________      ________      ________      ________
 Y              0.000         0.000         0.000         1.000         0.000
 X              0.000         0.000         0.000         0.000         1.000
 M              0.000         0.000         0.000         0.000         0.000


           LAMBDA
              M
              ________
 Y              0.000
 X              0.000
 M              1.000


           THETA
              Y             X             M
              ________      ________      ________
 Y              0.000
 X              0.000         0.000
 M              0.000         0.000         0.000


           ALPHA
              SA            SB            SCPRIME       Y             X
              ________      ________      ________      ________      ________
                0.500         0.500         0.200         3.000         2.000


           ALPHA
              M
              ________
                4.000


           BETA
              SA            SB            SCPRIME       Y             X
              ________      ________      ________      ________      ________
 SA             0.000         0.000         0.000         0.000         0.000
 SB             0.000         0.000         0.000         0.000         0.000
 SCPRIME        0.000         0.000         0.000         0.000         0.000
 Y              0.000         0.000         0.000         0.000         0.200
 X              0.000         0.000         0.000         0.000         0.000
 M              0.000         0.000         0.000         0.000         0.400


           BETA
              M
              ________
 SA             0.000
 SB             0.000
 SCPRIME        0.000
 Y              0.400
 X              0.000
 M              0.000


           PSI
              SA            SB            SCPRIME       Y             X
              ________      ________      ________      ________      ________
 SA             0.300
 SB             0.100         0.300
 SCPRIME        0.100         0.100         0.150
 Y              0.000         0.000         0.000         0.400
 X              0.000         0.000         0.000         0.000         1.000
 M              0.000         0.000         0.000         0.000         0.000


           PSI
              M
              ________
 M              0.400



     PRIORS FOR ALL PARAMETERS            PRIOR MEAN      PRIOR VARIANCE     PRIOR STD. DEV.

     Parameter 1~IG(-1.000,0.000)          infinity            infinity            infinity
     Parameter 2~IG(-1.000,0.000)          infinity            infinity            infinity
     Parameter 3~N(0.000,infinity)           0.0000            infinity            infinity
     Parameter 4~N(0.000,infinity)           0.0000            infinity            infinity
     Parameter 5~N(0.000,infinity)           0.0000            infinity            infinity
     Parameter 6~N(0.000,infinity)           0.0000            infinity            infinity
     Parameter 7~N(0.000,infinity)           0.0000            infinity            infinity
     Parameter 8~N(0.000,infinity)           0.0000            infinity            infinity
     Parameter 9~N(0.000,infinity)           0.0000            infinity            infinity
     Parameter 10~N(0.000,infinity)          0.0000            infinity            infinity
     Parameter 11~IW(0.000,-4)             infinity            infinity            infinity
     Parameter 12~IW(0.000,-4)             infinity            infinity            infinity
     Parameter 13~IW(0.000,-4)             infinity            infinity            infinity
     Parameter 14~IW(0.000,-4)             infinity            infinity            infinity
     Parameter 15~IW(0.000,-4)             infinity            infinity            infinity
     Parameter 16~IW(0.000,-4)             infinity            infinity            infinity
     Parameter 17~IG(-1.000,0.000)         infinity            infinity            infinity
     Parameter 18~IG(-1.000,0.000)         infinity            infinity            infinity
     Parameter 19~IG(-1.000,0.000)         infinity            infinity            infinity


TECHNICAL 9 OUTPUT

  Error messages for each replication (if any)



SAVEDATA INFORMATION

  Order of variables

    Y
    X
    M
    CLUSTER

  Save file
    example1rep*.dat

  Save file format           Free
  Save file record length    10000


     Beginning Time:  18:06:31
        Ending Time:  18:06:32
       Elapsed Time:  00:00:01



MUTHEN & MUTHEN
3463 Stoner Ave.
Los Angeles, CA  90066

Tel: (310) 391-9971
Fax: (310) 391-8971
Web: www.StatModel.com
Support: Support@StatModel.com

Copyright (c) 1998-2020 Muthen & Muthen
